This is pdfTeX, Version 3.14159265-2.6-1.40.21 (MiKTeX 20.12) (preloaded format=pdflatex 2021.1.13)  7 FEB 2021 19:14
entering extended mode
**./main.tex
(main.tex
LaTeX2e <2020-10-01> patch level 4
L3 programming layer <2021-01-09> xparse <2020-03-03>
(C:\Users\39339\AppData\Local\Programs\MiKTeX\tex/latex/base\report.cls
Document Class: report 2020/04/10 v1.4m Standard LaTeX document class
(C:\Users\39339\AppData\Local\Programs\MiKTeX\tex/latex/base\size12.clo
File: size12.clo 2020/04/10 v1.4m Standard LaTeX file (size option)
)
\c@part=\count177
\c@chapter=\count178
\c@section=\count179
\c@subsection=\count180
\c@subsubsection=\count181
\c@paragraph=\count182
\c@subparagraph=\count183
\c@figure=\count184
\c@table=\count185
\abovecaptionskip=\skip47
\belowcaptionskip=\skip48
\bibindent=\dimen138
)
(C:\Users\39339\AppData\Local\Programs\MiKTeX\tex/latex/amsfonts\amssymb.sty
Package: amssymb 2013/01/14 v3.01 AMS font symbols

(C:\Users\39339\AppData\Local\Programs\MiKTeX\tex/latex/amsfonts\amsfonts.sty
Package: amsfonts 2013/01/14 v3.01 Basic AMSFonts support
\@emptytoks=\toks15
\symAMSa=\mathgroup4
\symAMSb=\mathgroup5
LaTeX Font Info:    Redeclaring math symbol \hbar on input line 98.
LaTeX Font Info:    Overwriting math alphabet `\mathfrak' in version `bold'
(Font)                  U/euf/m/n --> U/euf/b/n on input line 106.
)) (C:\Users\39339\AppData\Local\Programs\MiKTeX\tex/latex/graphics\graphicx.st
y
Package: graphicx 2020/09/09 v1.2b Enhanced LaTeX Graphics (DPC,SPQR)

(C:\Users\39339\AppData\Local\Programs\MiKTeX\tex/latex/graphics\keyval.sty
Package: keyval 2014/10/28 v1.15 key=value parser (DPC)
\KV@toks@=\toks16
)
(C:\Users\39339\AppData\Local\Programs\MiKTeX\tex/latex/graphics\graphics.sty
Package: graphics 2020/08/30 v1.4c Standard LaTeX Graphics (DPC,SPQR)

(C:\Users\39339\AppData\Local\Programs\MiKTeX\tex/latex/graphics\trig.sty
Package: trig 2016/01/03 v1.10 sin cos tan (DPC)
)
(C:\Users\39339\AppData\Local\Programs\MiKTeX\tex/latex/graphics-cfg\graphics.c
fg
File: graphics.cfg 2016/06/04 v1.11 sample graphics configuration
)
Package graphics Info: Driver file: pdftex.def on input line 105.

(C:\Users\39339\AppData\Local\Programs\MiKTeX\tex/latex/graphics-def\pdftex.def
File: pdftex.def 2020/10/05 v1.2a Graphics/color driver for pdftex
))
\Gin@req@height=\dimen139
\Gin@req@width=\dimen140
)
(C:\Users\39339\AppData\Local\Programs\MiKTeX\tex/latex/listings\listings.sty
\lst@mode=\count186
\lst@gtempboxa=\box47
\lst@token=\toks17
\lst@length=\count187
\lst@currlwidth=\dimen141
\lst@column=\count188
\lst@pos=\count189
\lst@lostspace=\dimen142
\lst@width=\dimen143
\lst@newlines=\count190
\lst@lineno=\count191
\lst@maxwidth=\dimen144

(C:\Users\39339\AppData\Local\Programs\MiKTeX\tex/latex/listings\lstmisc.sty
File: lstmisc.sty 2020/03/24 1.8d (Carsten Heinz)
\c@lstnumber=\count192
\lst@skipnumbers=\count193
\lst@framebox=\box48
)
(C:\Users\39339\AppData\Local\Programs\MiKTeX\tex/latex/listings\listings.cfg
File: listings.cfg 2020/03/24 1.8d listings configuration
))
Package: listings 2020/03/24 1.8d (Carsten Heinz)
(C:\Users\39339\AppData\Local\Programs\MiKTeX\tex/latex/natbib\natbib.sty
Package: natbib 2010/09/13 8.31b (PWD, AO)
\bibhang=\skip49
\bibsep=\skip50
LaTeX Info: Redefining \cite on input line 694.
\c@NAT@ctr=\count194
)
(C:\Users\39339\AppData\Local\Programs\MiKTeX\tex/latex/latex-tools\multicol.st
y
Package: multicol 2019/12/09 v1.8y multicolumn formatting (FMi)
\c@tracingmulticols=\count195
\mult@box=\box49
\multicol@leftmargin=\dimen145
\c@unbalance=\count196
\c@collectmore=\count197
\doublecol@number=\count198
\multicoltolerance=\count199
\multicolpretolerance=\count266
\full@width=\dimen146
\page@free=\dimen147
\premulticols=\dimen148
\postmulticols=\dimen149
\multicolsep=\skip51
\multicolbaselineskip=\skip52
\partial@page=\box50
\last@line=\box51
\maxbalancingoverflow=\dimen150
\mult@rightbox=\box52
\mult@grightbox=\box53
\mult@gfirstbox=\box54
\mult@firstbox=\box55
\@tempa=\box56
\@tempa=\box57
\@tempa=\box58
\@tempa=\box59
\@tempa=\box60
\@tempa=\box61
\@tempa=\box62
\@tempa=\box63
\@tempa=\box64
\@tempa=\box65
\@tempa=\box66
\@tempa=\box67
\@tempa=\box68
\@tempa=\box69
\@tempa=\box70
\@tempa=\box71
\@tempa=\box72
\@tempa=\box73
\@tempa=\box74
\@tempa=\box75
\@tempa=\box76
\@tempa=\box77
\@tempa=\box78
\@tempa=\box79
\@tempa=\box80
\@tempa=\box81
\@tempa=\box82
\@tempa=\box83
\@tempa=\box84
\@tempa=\box85
\@tempa=\box86
\@tempa=\box87
\@tempa=\box88
\@tempa=\box89
\@tempa=\box90
\@tempa=\box91
\@tempa=\box92
\c@minrows=\count267
\c@columnbadness=\count268
\c@finalcolumnbadness=\count269
\last@try=\dimen151
\multicolovershoot=\dimen152
\multicolundershoot=\dimen153
\mult@nat@firstbox=\box93
\colbreak@box=\box94
\mc@col@check@num=\count270
) (C:\Users\39339\AppData\Local\Programs\MiKTeX\tex/latex/xcolor\xcolor.sty
Package: xcolor 2016/05/11 v2.12 LaTeX color extensions (UK)

(C:\Users\39339\AppData\Local\Programs\MiKTeX\tex/latex/graphics-cfg\color.cfg
File: color.cfg 2016/01/02 v1.6 sample color configuration
)
Package xcolor Info: Driver file: pdftex.def on input line 225.
Package xcolor Info: Model `cmy' substituted by `cmy0' on input line 1348.
Package xcolor Info: Model `hsb' substituted by `rgb' on input line 1352.
Package xcolor Info: Model `RGB' extended on input line 1364.
Package xcolor Info: Model `HTML' substituted by `rgb' on input line 1366.
Package xcolor Info: Model `Hsb' substituted by `hsb' on input line 1367.
Package xcolor Info: Model `tHsb' substituted by `hsb' on input line 1368.
Package xcolor Info: Model `HSB' substituted by `hsb' on input line 1369.
Package xcolor Info: Model `Gray' substituted by `gray' on input line 1370.
Package xcolor Info: Model `wave' substituted by `hsb' on input line 1371.
)
(C:\Users\39339\AppData\Local\Programs\MiKTeX\tex/latex/algorithm2e\algorithm2e
.sty
Package: algorithm2e 2017/07/18 v5.2 algorithms environments
\c@AlgoLine=\count271
 (C:\Users\39339\AppData\Local\Programs\MiKTeX\tex/latex/base\ifthen.sty
Package: ifthen 2014/09/29 v1.1c Standard LaTeX ifthen package (DPC)
)
\algocf@hangindent=\skip53

(C:\Users\39339\AppData\Local\Programs\MiKTeX\tex/latex/ifoddpage\ifoddpage.sty
Package: ifoddpage 2016/04/23 v1.1 Conditionals for odd/even page detection
\c@checkoddpage=\count272
)
(C:\Users\39339\AppData\Local\Programs\MiKTeX\tex/latex/latex-tools\xspace.sty
Package: xspace 2014/10/28 v1.13 Space after command names (DPC,MH)
) (C:\Users\39339\AppData\Local\Programs\MiKTeX\tex/latex/relsize\relsize.sty
Package: relsize 2013/03/29 ver 4.1
)
\skiptotal=\skip54
\skiplinenumber=\skip55
\skiprule=\skip56
\skiphlne=\skip57
\skiptext=\skip58
\skiplength=\skip59
\algomargin=\skip60
\skipalgocfslide=\skip61
\algowidth=\dimen154
\inoutsize=\dimen155
\inoutindent=\dimen156
\interspacetitleruled=\dimen157
\interspacealgoruled=\dimen158
\interspacetitleboxruled=\dimen159
\algocf@ruledwidth=\skip62
\algocf@inoutbox=\box95
\algocf@inputbox=\box96
\AlCapSkip=\skip63
\AlCapHSkip=\skip64
\algoskipindent=\skip65
\algocf@nlbox=\box97
\algocf@hangingbox=\box98
\algocf@untilbox=\box99
\algocf@skipuntil=\skip66
\algocf@capbox=\box100
\algocf@lcaptionbox=\skip67
\algoheightruledefault=\skip68
\algoheightrule=\skip69
\algotitleheightruledefault=\skip70
\algotitleheightrule=\skip71
\c@algocfline=\count273
\c@algocfproc=\count274
\c@algocf=\count275
\algocf@algoframe=\box101
\algocf@algobox=\box102
)
(C:\Users\39339\AppData\Local\Programs\MiKTeX\tex/latex/multirow\multirow.sty
Package: multirow 2021/01/02 v2.6 Span multiple rows of a table
\multirow@colwidth=\skip72
\multirow@cntb=\count276
\multirow@dima=\skip73
\bigstrutjot=\dimen160
)
(C:\Users\39339\AppData\Local\Programs\MiKTeX\tex/latex/latex-tools\array.sty
Package: array 2020/10/01 v2.5c Tabular extension package (FMi)
\col@sep=\dimen161
\ar@mcellbox=\box103
\extrarowheight=\dimen162
\NC@list=\toks18
\extratabsurround=\skip74
\backup@length=\skip75
\ar@cellbox=\box104
)
(C:\Users\39339\AppData\Local\Programs\MiKTeX\tex/latex/float\float.sty
Package: float 2001/11/08 v1.3d Float enhancements (AL)
\c@float@type=\count277
\float@exts=\toks19
\float@box=\box105
\@float@everytoks=\toks20
\@floatcapt=\box106
)
(C:\Users\39339\AppData\Local\Programs\MiKTeX\tex/latex/l3backend\l3backend-pdf
tex.def
File: l3backend-pdftex.def 2021-01-09 L3 backend support: PDF output (pdfTeX)
\l__kernel_color_stack_int=\count278
\l__pdf_internal_box=\box107
) (main.aux (FrontMatter/titlePage.aux) (Chapters/Chapter1/chapter1.aux) (Chapt
ers/Chapter2/chapter2.aux) (Chapters/Chapter3/chapter3.aux)
(Chapters/Chapter4/chapter4.aux) (Chapters/Chapter5/chapter5.aux)
(Chapters/Chapter6/chapter6.aux) (Chapters/Chapter7/chapter7.aux))
\openout1 = `main.aux'.

LaTeX Font Info:    Checking defaults for OML/cmm/m/it on input line 35.
LaTeX Font Info:    ... okay on input line 35.
LaTeX Font Info:    Checking defaults for OMS/cmsy/m/n on input line 35.
LaTeX Font Info:    ... okay on input line 35.
LaTeX Font Info:    Checking defaults for OT1/cmr/m/n on input line 35.
LaTeX Font Info:    ... okay on input line 35.
LaTeX Font Info:    Checking defaults for T1/cmr/m/n on input line 35.
LaTeX Font Info:    ... okay on input line 35.
LaTeX Font Info:    Checking defaults for TS1/cmr/m/n on input line 35.
LaTeX Font Info:    ... okay on input line 35.
LaTeX Font Info:    Checking defaults for OMX/cmex/m/n on input line 35.
LaTeX Font Info:    ... okay on input line 35.
LaTeX Font Info:    Checking defaults for U/cmr/m/n on input line 35.
LaTeX Font Info:    ... okay on input line 35.

(C:\Users\39339\AppData\Local\Programs\MiKTeX\tex/context/base/mkii\supp-pdf.mk
ii
[Loading MPS to PDF converter (version 2006.09.02).]
\scratchcounter=\count279
\scratchdimen=\dimen163
\scratchbox=\box108
\nofMPsegments=\count280
\nofMParguments=\count281
\everyMPshowfont=\toks21
\MPscratchCnt=\count282
\MPscratchDim=\dimen164
\MPnumerator=\count283
\makeMPintoPDFobject=\count284
\everyMPtoPDFconversion=\toks22
)
(C:\Users\39339\AppData\Local\Programs\MiKTeX\tex/latex/epstopdf-pkg\epstopdf-b
ase.sty
Package: epstopdf-base 2020-01-24 v2.11 Base part for package epstopdf
Package epstopdf-base Info: Redefining graphics rule for `.eps' on input line 4
85.
)
\c@lstlisting=\count285
\openout2 = `./FrontMatter/titlePage.aux'.

 (FrontMatter/titlePage.tex
<./Images/Polimilogo.png, id=1, 405.515pt x 125.46875pt>
File: ./Images/Polimilogo.png Graphic file (type png)
<use ./Images/Polimilogo.png>
Package pdftex.def Info: ./Images/Polimilogo.png  used on input line 6.
(pdftex.def)             Requested size: 284.52756pt x 88.0362pt.
<./Images/MockupLogo/LogoEnorme.png, id=2, 697.10437pt x 384.6872pt>
File: ./Images/MockupLogo/LogoEnorme.png Graphic file (type png)
<use ./Images/MockupLogo/LogoEnorme.png>
Package pdftex.def Info: ./Images/MockupLogo/LogoEnorme.png  used on input line
 19.
(pdftex.def)             Requested size: 284.52756pt x 157.01251pt.
) [1


{C:/Users/39339/AppData/Local/MiKTeX/pdftex/config/pdftex.map} <./Images/Polimi
logo.png> <./Images/MockupLogo/LogoEnorme.png>] (main.toc
LaTeX Font Info:    Trying to load font information for U+msa on input line 2.

(C:\Users\39339\AppData\Local\Programs\MiKTeX\tex/latex/amsfonts\umsa.fd
File: umsa.fd 2013/01/14 v3.01 AMS symbols A
)
LaTeX Font Info:    Trying to load font information for U+msb on input line 2.

(C:\Users\39339\AppData\Local\Programs\MiKTeX\tex/latex/amsfonts\umsb.fd
File: umsb.fd 2013/01/14 v3.01 AMS symbols B
)
[2



])
\tf@toc=\write3
\openout3 = `main.toc'.

 [3] (main.lof)
\tf@lof=\write4
\openout4 = `main.lof'.

 [4

] [5]
\openout2 = `./Chapters/Chapter1/chapter1.aux'.

 (Chapters/Chapter1/chapter1.tex
Chapter 1.
(Chapters/Chapter1/1.1Purpose.tex) (Chapters/Chapter1/1.2Scope.tex)
(Chapters/Chapter1/1.3DefinitionsAcronymsAbbreviations.tex [1



] [2]
(Chapters/Chapter1/1.3.1Definitions.tex [3])
(Chapters/Chapter1/1.3.2Acronyms.tex) (Chapters/Chapter1/1.3.3Abbreviations.tex
)) (Chapters/Chapter1/1.4Revision.tex [4]) (Chapters/Chapter1/1.5Reference.tex)
(Chapters/Chapter1/1.6Document.tex
Underfull \hbox (badness 10000) in paragraph at lines 2--3

 []

[5])) [6]
\openout2 = `./Chapters/Chapter2/chapter2.aux'.

 (Chapters/Chapter2/chapter2.tex
Chapter 2.
(Chapters/Chapter2/2.1Overview.tex [7




]
<./images//./High-Level.png, id=50, 776.9025pt x 318.4698pt>
File: ./images//./High-Level.png Graphic file (type png)
<use ./images//./High-Level.png>
Package pdftex.def Info: ./images//./High-Level.png  used on input line 15.
(pdftex.def)             Requested size: 504.98064pt x 207.0029pt.
 (Chapters/Chapter2/2.1.1ClassDiagram.tex [8 <./images//./High-Level.png>]
<./images//./ClassDiagramDD.png, id=56, 746.18774pt x 614.295pt>
File: ./images//./ClassDiagramDD.png Graphic file (type png)
<use ./images//./ClassDiagramDD.png>
Package pdftex.def Info: ./images//./ClassDiagramDD.png  used on input line 10.

(pdftex.def)             Requested size: 559.63943pt x 460.72011pt.
) [9]) (Chapters/Chapter2/2.2ComponentView.tex [10 <./images//./ClassDiagramDD.
png>] [11]
<./images//./Component Diagram.png, id=67, 997.8078pt x 413.6253pt>
File: ./images//./Component Diagram.png Graphic file (type png)
<use ./images//./Component Diagram.png>
Package pdftex.def Info: ./images//./Component Diagram.png  used on input line 
24.
(pdftex.def)             Requested size: 498.90268pt x 206.81213pt.
)
(Chapters/Chapter2/2.3DeploymentView.tex [12 <./images//./Component Diagram.png
>] [13]
Underfull \hbox (badness 10000) in paragraph at lines 16--17

 []

<./images//./Deplo.png, id=75, 1101.66582pt x 558.73744pt>
File: ./images//./Deplo.png Graphic file (type png)
<use ./images//./Deplo.png>
Package pdftex.def Info: ./images//./Deplo.png  used on input line 26.
(pdftex.def)             Requested size: 550.83156pt x 279.36803pt.
[14]) (Chapters/Chapter2/2.4RuntimeView.tex
<./images//./CustomerLoginSequenceDD.png, id=80, 1246.6575pt x 650.88168pt>
File: ./images//./CustomerLoginSequenceDD.png Graphic file (type png)
<use ./images//./CustomerLoginSequenceDD.png>
Package pdftex.def Info: ./images//./CustomerLoginSequenceDD.png  used on input
 line 10.
(pdftex.def)             Requested size: 560.99069pt x 292.89404pt.
 [15 <./images//./Deplo.png>]
<./images//./StoreManagerRegistrationSequenceDD.png, id=85, 1271.952pt x 747.09
113pt>
File: ./images//./StoreManagerRegistrationSequenceDD.png Graphic file (type png
)
<use ./images//./StoreManagerRegistrationSequenceDD.png>
Package pdftex.def Info: ./images//./StoreManagerRegistrationSequenceDD.png  us
ed on input line 17.
(pdftex.def)             Requested size: 572.37311pt x 336.1879pt.

[16 <./images//./CustomerLoginSequenceDD.png>]
<./images//./LineUpSequenceDD.png, id=90, 1190.19656pt x 767.41707pt>
File: ./images//./LineUpSequenceDD.png Graphic file (type png)
<use ./images//./LineUpSequenceDD.png>
Package pdftex.def Info: ./images//./LineUpSequenceDD.png  used on input line 2
6.
(pdftex.def)             Requested size: 595.09683pt x 383.7076pt.
 [17 <./images//./StoreManagerRegistrationSequenceDD.png>]
<./images//./BookingSequenceDD.png, id=95, 1270.14525pt x 1054.23863pt>
File: ./images//./BookingSequenceDD.png Graphic file (type png)
<use ./images//./BookingSequenceDD.png>
Package pdftex.def Info: ./images//./BookingSequenceDD.png  used on input line 
36.
(pdftex.def)             Requested size: 571.56009pt x 474.403pt.
 [18 <./images//./LineUpSequenceDD.png>] [19]
<./images//./CancelLineUpSequenceDD.png, id=103, 1076.823pt x 450.33244pt>
File: ./images//./CancelLineUpSequenceDD.png Graphic file (type png)
<use ./images//./CancelLineUpSequenceDD.png>
Package pdftex.def Info: ./images//./CancelLineUpSequenceDD.png  used on input 
line 45.
(pdftex.def)             Requested size: 538.41019pt x 225.16566pt.
 [20 <./images//./BookingSequenceDD.png>]
<./images//./CancelBookingSequenceDD.png, id=109, 1148.64131pt x 450.33244pt>
File: ./images//./CancelBookingSequenceDD.png Graphic file (type png)
<use ./images//./CancelBookingSequenceDD.png>
Package pdftex.def Info: ./images//./CancelBookingSequenceDD.png  used on input
 line 55.
(pdftex.def)             Requested size: 574.31924pt x 225.16566pt.
 [21 <./images//./CancelLineUpSequenceDD.png>]
<./images//./TicketGenerationSequenceDD.png, id=114, 1112.05463pt x 573.64313pt
>
File: ./images//./TicketGenerationSequenceDD.png Graphic file (type png)
<use ./images//./TicketGenerationSequenceDD.png>
Package pdftex.def Info: ./images//./TicketGenerationSequenceDD.png  used on in
put line 64.
(pdftex.def)             Requested size: 556.02596pt x 286.82086pt.

[22 <./images//./CancelBookingSequenceDD.png>]
<./images//./SendNotificationSequenceDD.png, id=119, 1020.81375pt x 554.22057pt
>
File: ./images//./SendNotificationSequenceDD.png Graphic file (type png)
<use ./images//./SendNotificationSequenceDD.png>
Package pdftex.def Info: ./images//./SendNotificationSequenceDD.png  used on in
put line 73.
(pdftex.def)             Requested size: 510.40562pt x 277.1096pt.
 [23 <./images//./TicketGenerationSequenceDD.png>]
<./images//./CheckAffluenceSequenceDD.png, id=124, 958.48088pt x 370.38374pt>
File: ./images//./CheckAffluenceSequenceDD.png Graphic file (type png)
<use ./images//./CheckAffluenceSequenceDD.png>
Package pdftex.def Info: ./images//./CheckAffluenceSequenceDD.png  used on inpu
t line 82.
(pdftex.def)             Requested size: 479.23927pt x 185.1914pt.
 [24 <./images//./SendNotificationSequenceDD.png>]
<./images//./CheckBookingsSequenceDD.png, id=129, 1159.9335pt x 370.38374pt>
File: ./images//./CheckBookingsSequenceDD.png Graphic file (type png)
<use ./images//./CheckBookingsSequenceDD.png>
Package pdftex.def Info: ./images//./CheckBookingsSequenceDD.png  used on input
 line 91.
(pdftex.def)             Requested size: 579.96533pt x 185.1914pt.
)
(Chapters/Chapter2/2.5ComponentInterfaces.tex
<./images//./Interface Diagram DD.png, id=130, 772.38562pt x 697.4055pt>
File: ./images//./Interface Diagram DD.png Graphic file (type png)
<use ./images//./Interface Diagram DD.png>
Package pdftex.def Info: ./images//./Interface Diagram DD.png  used on input li
ne 5.
(pdftex.def)             Requested size: 540.66624pt x 488.18053pt.
 [25 <./images//./CheckAffluenceSequenceDD.png> <./images//./CheckBookingsSeque
nceDD.png>] [26])
(Chapters/Chapter2/2.6SelectedArchitectural.tex [27 <./images//./Interface Diag
ram DD.png>]
<./images//./ModelViewController.png, id=144, 405.61537pt x 300.82387pt>
File: ./images//./ModelViewController.png Graphic file (type png)
<use ./images//./ModelViewController.png>
Package pdftex.def Info: ./images//./ModelViewController.png  used on input lin
e 14.
(pdftex.def)             Requested size: 271.76088pt x 201.55095pt.

Underfull \hbox (badness 10000) in paragraph at lines 12--16

 []

[28]) (Chapters/Chapter2/2.7OtherDesign.tex [29 <./images//./ModelViewControlle
r.png>]
(C:\Users\39339\AppData\Local\Programs\MiKTeX\tex/latex/listings\lstlang1.sty
File: lstlang1.sty 2020/03/24 1.8d listings language file
)
Underfull \hbox (badness 10000) in paragraph at lines 25--26

 []

(WaitingTime.java
LaTeX Font Info:    Trying to load font information for OMS+cmr on input line 1
.

(C:\Users\39339\AppData\Local\Programs\MiKTeX\tex/latex/base\omscmr.fd
File: omscmr.fd 2019/12/16 v2.5j Standard LaTeX font definitions
)
LaTeX Font Info:    Font shape `OMS/cmr/m/n' in size <10> not available
(Font)              Font shape `OMS/cmsy/m/n' tried instead on input line 1.
LaTeX Font Info:    Trying to load font information for OML+cmr on input line 3
.

(C:\Users\39339\AppData\Local\Programs\MiKTeX\tex/latex/base\omlcmr.fd
File: omlcmr.fd 2019/12/16 v2.5j Standard LaTeX font definitions
)
LaTeX Font Info:    Font shape `OML/cmr/m/n' in size <10> not available
(Font)              Font shape `OML/cmm/m/it' tried instead on input line 3.

[30]) [31])) [32]
\openout2 = `./Chapters/Chapter3/chapter3.aux'.

 (Chapters/Chapter3/chapter3.tex
Chapter 3.
<./Images/MockupLogo/mockLogin.png, id=168, 338.76563pt x 654.19406pt>
File: ./Images/MockupLogo/mockLogin.png Graphic file (type png)
<use ./Images/MockupLogo/mockLogin.png>
Package pdftex.def Info: ./Images/MockupLogo/mockLogin.png  used on input line 
6.
(pdftex.def)             Requested size: 130.08731pt x 251.22163pt.
<./Images/MockupLogo/mockRegistration.png, id=169, 336.50719pt x 654.94687pt>
File: ./Images/MockupLogo/mockRegistration.png Graphic file (type png)
<use ./Images/MockupLogo/mockRegistration.png>
Package pdftex.def Info: ./Images/MockupLogo/mockRegistration.png  used on inpu
t line 11.
(pdftex.def)             Requested size: 130.08731pt x 253.18967pt.
<./Images/MockupLogo/mockLineUpNew.png, id=170, 329.73187pt x 654.94687pt>
File: ./Images/MockupLogo/mockLineUpNew.png Graphic file (type png)
<use ./Images/MockupLogo/mockLineUpNew.png>
Package pdftex.def Info: ./Images/MockupLogo/mockLineUpNew.png  used on input l
ine 16.
(pdftex.def)             Requested size: 130.08731pt x 258.39638pt.

Underfull \hbox (badness 10000) in paragraph at lines 3--19

 []

<./Images/MockupLogo/mockLineUpSent.png, id=171, 329.73187pt x 654.94687pt>
File: ./Images/MockupLogo/mockLineUpSent.png Graphic file (type png)
<use ./Images/MockupLogo/mockLineUpSent.png>
Package pdftex.def Info: ./Images/MockupLogo/mockLineUpSent.png  used on input 
line 22.
(pdftex.def)             Requested size: 130.08731pt x 258.39638pt.
<./Images/MockupLogo/mockBookNew.png, id=172, 331.2375pt x 652.68843pt>
File: ./Images/MockupLogo/mockBookNew.png Graphic file (type png)
<use ./Images/MockupLogo/mockBookNew.png>
Package pdftex.def Info: ./Images/MockupLogo/mockBookNew.png  used on input lin
e 27.
(pdftex.def)             Requested size: 130.08731pt x 256.33015pt.
<./Images/MockupLogo/mockBookSent.png, id=173, 289.83281pt x 570.63188pt>
File: ./Images/MockupLogo/mockBookSent.png Graphic file (type png)
<use ./Images/MockupLogo/mockBookSent.png>
Package pdftex.def Info: ./Images/MockupLogo/mockBookSent.png  used on input li
ne 32.
(pdftex.def)             Requested size: 130.08731pt x 256.12022pt.
<./Images/MockupLogo/mockQRCode.png, id=174, 333.49594pt x 658.71094pt>
File: ./Images/MockupLogo/mockQRCode.png Graphic file (type png)
<use ./Images/MockupLogo/mockQRCode.png>
Package pdftex.def Info: ./Images/MockupLogo/mockQRCode.png  used on input line
 38.
(pdftex.def)             Requested size: 130.08731pt x 256.94649pt.

Underfull \hbox (badness 2762) in paragraph at lines 39--39
[]\OT1/cmr/m/n/12 Figure 3.7: Scan QR
 []

<./Images/MockupLogo/mockBookingID.png, id=175, 331.2375pt x 652.68843pt>
File: ./Images/MockupLogo/mockBookingID.png Graphic file (type png)
<use ./Images/MockupLogo/mockBookingID.png>
Package pdftex.def Info: ./Images/MockupLogo/mockBookingID.png  used on input l
ine 43.
(pdftex.def)             Requested size: 130.08731pt x 256.33015pt.
[33




 <./Images/MockupLogo/mockLogin.png> <./Images/MockupLogo/mockRegistration.png>
 <./Images/MockupLogo/mockLineUpNew.png>]
<./Images/MockupLogo/mockLoginLaptop.png, id=182, 1079.53313pt x 622.57594pt>
File: ./Images/MockupLogo/mockLoginLaptop.png Graphic file (type png)
<use ./Images/MockupLogo/mockLoginLaptop.png>
Package pdftex.def Info: ./Images/MockupLogo/mockLoginLaptop.png  used on input
 line 48.
(pdftex.def)             Requested size: 433.62pt x 250.07092pt.
<./Images/MockupLogo/mockRegistrationLaptop.png, id=183, 1074.26344pt x 620.317
5pt>
File: ./Images/MockupLogo/mockRegistrationLaptop.png Graphic file (type png)
<use ./Images/MockupLogo/mockRegistrationLaptop.png>
Package pdftex.def Info: ./Images/MockupLogo/mockRegistrationLaptop.png  used o
n input line 52.
(pdftex.def)             Requested size: 433.62pt x 250.3848pt.
 [34 <./Images/MockupLogo/mockLineUpSent.png> <./Images/MockupLogo/mockBookNew.
png> <./Images/MockupLogo/mockBookSent.png> <./Images/MockupLogo/mockQRCode.png
> <./Images/MockupLogo/mockBookingID.png>]
<./Images/MockupLogo/mockLaptop.png, id=192, 1078.0275pt x 620.3175pt>
File: ./Images/MockupLogo/mockLaptop.png Graphic file (type png)
<use ./Images/MockupLogo/mockLaptop.png>
Package pdftex.def Info: ./Images/MockupLogo/mockLaptop.png  used on input line
 56.
(pdftex.def)             Requested size: 433.62pt x 249.51399pt.
) [35 <./Images/MockupLogo/mockLoginLaptop.png> <./Images/MockupLogo/mockRegist
rationLaptop.png>] [36 <./Images/MockupLogo/mockLaptop.png>]
\openout2 = `./Chapters/Chapter4/chapter4.aux'.


(Chapters/Chapter4/chapter4.tex
Chapter 4.
[37




] [38] [39]) [40]
\openout2 = `./Chapters/Chapter5/chapter5.aux'.

 (Chapters/Chapter5/chapter5.tex
Chapter 5.
(Chapters/Chapter5/5.1ImplementationPlan.tex [41




] [42])
(Chapters/Chapter5/5.2IntegrationStrategy.tex
<./images//./cap5/IntegrationAndTesting1.png, id=222, 300.8841pt x 324.2514pt>
File: ./images//./cap5/IntegrationAndTesting1.png Graphic file (type png)
<use ./images//./cap5/IntegrationAndTesting1.png>
Package pdftex.def Info: ./images//./cap5/IntegrationAndTesting1.png  used on i
nput line 8.
(pdftex.def)             Requested size: 180.53183pt x 194.55234pt.

Underfull \hbox (badness 10000) in paragraph at lines 2--9

 []

[43]
<./images//./cap5/IntegrationAndTesting2.png, id=226, 446.6286pt x 324.2514pt>
File: ./images//./cap5/IntegrationAndTesting2.png Graphic file (type png)
<use ./images//./cap5/IntegrationAndTesting2.png>
Package pdftex.def Info: ./images//./cap5/IntegrationAndTesting2.png  used on i
nput line 12.
(pdftex.def)             Requested size: 267.97922pt x 194.55234pt.

Underfull \hbox (badness 10000) in paragraph at lines 10--13

 []

<./images//./cap5/IntegrationAndTesting3.png, id=227, 478.4274pt x 388.5717pt>
File: ./images//./cap5/IntegrationAndTesting3.png Graphic file (type png)
<use ./images//./cap5/IntegrationAndTesting3.png>
Package pdftex.def Info: ./images//./cap5/IntegrationAndTesting3.png  used on i
nput line 17.
(pdftex.def)             Requested size: 287.05864pt x 233.1448pt.

Underfull \hbox (badness 10000) in paragraph at lines 14--18

 []

[44 <./images//./cap5/IntegrationAndTesting1.png> <./images//./cap5/Integration
AndTesting2.png>]
<./images//./cap5/IntegrationAndTesting4.png, id=234, 475.17525pt x 440.847pt>
File: ./images//./cap5/IntegrationAndTesting4.png Graphic file (type png)
<use ./images//./cap5/IntegrationAndTesting4.png>
Package pdftex.def Info: ./images//./cap5/IntegrationAndTesting4.png  used on i
nput line 21.
(pdftex.def)             Requested size: 285.10735pt x 264.51024pt.

Overfull \hbox (6.53932pt too wide) in paragraph at lines 19--22
[]\OT1/cmr/m/n/12 Now that the two macro-components have been built through the
ir sub-components,
 []


Underfull \hbox (badness 10000) in paragraph at lines 19--22

 []

<./images//./cap5/IntegrationAndTesting5.png, id=235, 473.3685pt x 447.17062pt>

File: ./images//./cap5/IntegrationAndTesting5.png Graphic file (type png)
<use ./images//./cap5/IntegrationAndTesting5.png>
Package pdftex.def Info: ./images//./cap5/IntegrationAndTesting5.png  used on i
nput line 25.
(pdftex.def)             Requested size: 284.02328pt x 268.30444pt.
[45 <./images//./cap5/IntegrationAndTesting3.png> <./images//./cap5/Integration
AndTesting4.png>]) (Chapters/Chapter5/5.3TestingPlan.tex
Underfull \hbox (badness 10000) in paragraph at lines 2--3

 []

[46 <./images//./cap5/IntegrationAndTesting5.png>]
Underfull \hbox (badness 10000) in paragraph at lines 8--9

 []

)) [47]
\openout2 = `./Chapters/Chapter6/chapter6.aux'.

 (Chapters/Chapter6/chapter6.tex
Chapter 6.
)
Underfull \hbox (badness 10000) in paragraph at lines 2--56

 []


Underfull \hbox (badness 10000) in paragraph at lines 2--56

 []


Underfull \hbox (badness 10000) in paragraph at lines 2--56

 []


Underfull \hbox (badness 10000) in paragraph at lines 2--56

 []


Underfull \hbox (badness 10000) in paragraph at lines 2--56

 []


Underfull \hbox (badness 10000) in paragraph at lines 2--56

 []


Underfull \hbox (badness 10000) in paragraph at lines 2--56

 []


Underfull \hbox (badness 10000) in paragraph at lines 2--56

 []


Underfull \hbox (badness 10000) in paragraph at lines 2--56

 []

[48




]
\openout2 = `./Chapters/Chapter7/chapter7.aux'.

 (Chapters/Chapter7/chapter7.tex
Chapter 7.
) [49




]
No file main.bbl.
(main.aux (FrontMatter/titlePage.aux) (Chapters/Chapter1/chapter1.aux)
(Chapters/Chapter2/chapter2.aux) (Chapters/Chapter3/chapter3.aux)
(Chapters/Chapter4/chapter4.aux) (Chapters/Chapter5/chapter5.aux)
(Chapters/Chapter6/chapter6.aux) (Chapters/Chapter7/chapter7.aux)) ) 
Here is how much of TeX's memory you used:
 6067 strings out of 479618
 94468 string characters out of 2865026
 576852 words of memory out of 3000000
 23007 multiletter control sequences out of 15000+200000
 411825 words of font info for 57 fonts, out of 3000000 for 9000
 1141 hyphenation exceptions out of 8191
 68i,9n,74p,1143b,1747s stack positions out of 5000i,500n,10000p,200000b,50000s
 <C:\Users\
39339\AppData\Local\MiKTeX\fonts/pk/ljfour/jknappen/ec/dpi600\tcrm1000.pk> <C:\
Users\39339\AppData\Local\MiKTeX\fonts/pk/ljfour/jknappen/ec/dpi600\tcrm1200.pk
><C:/Users/39339/AppData/Local/Programs/MiKTeX/fonts/type1/public/amsfonts/cm/c
mbx10.pfb><C:/Users/39339/AppData/Local/Programs/MiKTeX/fonts/type1/public/amsf
onts/cm/cmbx12.pfb><C:/Users/39339/AppData/Local/Programs/MiKTeX/fonts/type1/pu
blic/amsfonts/cm/cmex10.pfb><C:/Users/39339/AppData/Local/Programs/MiKTeX/fonts
/type1/public/amsfonts/cm/cmmi10.pfb><C:/Users/39339/AppData/Local/Programs/MiK
TeX/fonts/type1/public/amsfonts/cm/cmmi12.pfb><C:/Users/39339/AppData/Local/Pro
grams/MiKTeX/fonts/type1/public/amsfonts/cm/cmmi8.pfb><C:/Users/39339/AppData/L
ocal/Programs/MiKTeX/fonts/type1/public/amsfonts/cm/cmr10.pfb><C:/Users/39339/A
ppData/Local/Programs/MiKTeX/fonts/type1/public/amsfonts/cm/cmr12.pfb><C:/Users
/39339/AppData/Local/Programs/MiKTeX/fonts/type1/public/amsfonts/cm/cmr8.pfb><C
:/Users/39339/AppData/Local/Programs/MiKTeX/fonts/type1/public/amsfonts/cm/cmsy
10.pfb><C:/Users/39339/AppData/Local/Programs/MiKTeX/fonts/type1/public/amsfont
s/cm/cmti10.pfb>
Output written on main.pdf (54 pages, 1977065 bytes).
PDF statistics:
 299 PDF objects out of 1000 (max. 8388607)
 0 named destinations out of 1000 (max. 500000)
 171 words of extra memory for PDF output out of 10000 (max. 10000000)

