This is pdfTeX, Version 3.14159265-2.6-1.40.21 (MiKTeX 20.12) (preloaded format=pdflatex 2021.1.13)  7 FEB 2021 23:33
entering extended mode
**./main.tex
(main.tex
LaTeX2e <2020-10-01> patch level 4
L3 programming layer <2021-01-09> xparse <2020-03-03>
(C:\Users\39339\AppData\Local\Programs\MiKTeX\tex/latex/base\report.cls
Document Class: report 2020/04/10 v1.4m Standard LaTeX document class
(C:\Users\39339\AppData\Local\Programs\MiKTeX\tex/latex/base\size12.clo
File: size12.clo 2020/04/10 v1.4m Standard LaTeX file (size option)
)
\c@part=\count177
\c@chapter=\count178
\c@section=\count179
\c@subsection=\count180
\c@subsubsection=\count181
\c@paragraph=\count182
\c@subparagraph=\count183
\c@figure=\count184
\c@table=\count185
\abovecaptionskip=\skip47
\belowcaptionskip=\skip48
\bibindent=\dimen138
)
(C:\Users\39339\AppData\Local\Programs\MiKTeX\tex/latex/amsfonts\amssymb.sty
Package: amssymb 2013/01/14 v3.01 AMS font symbols

(C:\Users\39339\AppData\Local\Programs\MiKTeX\tex/latex/amsfonts\amsfonts.sty
Package: amsfonts 2013/01/14 v3.01 Basic AMSFonts support
\@emptytoks=\toks15
\symAMSa=\mathgroup4
\symAMSb=\mathgroup5
LaTeX Font Info:    Redeclaring math symbol \hbar on input line 98.
LaTeX Font Info:    Overwriting math alphabet `\mathfrak' in version `bold'
(Font)                  U/euf/m/n --> U/euf/b/n on input line 106.
)) (C:\Users\39339\AppData\Local\Programs\MiKTeX\tex/latex/graphics\graphicx.st
y
Package: graphicx 2020/09/09 v1.2b Enhanced LaTeX Graphics (DPC,SPQR)

(C:\Users\39339\AppData\Local\Programs\MiKTeX\tex/latex/graphics\keyval.sty
Package: keyval 2014/10/28 v1.15 key=value parser (DPC)
\KV@toks@=\toks16
)
(C:\Users\39339\AppData\Local\Programs\MiKTeX\tex/latex/graphics\graphics.sty
Package: graphics 2020/08/30 v1.4c Standard LaTeX Graphics (DPC,SPQR)

(C:\Users\39339\AppData\Local\Programs\MiKTeX\tex/latex/graphics\trig.sty
Package: trig 2016/01/03 v1.10 sin cos tan (DPC)
)
(C:\Users\39339\AppData\Local\Programs\MiKTeX\tex/latex/graphics-cfg\graphics.c
fg
File: graphics.cfg 2016/06/04 v1.11 sample graphics configuration
)
Package graphics Info: Driver file: pdftex.def on input line 105.

(C:\Users\39339\AppData\Local\Programs\MiKTeX\tex/latex/graphics-def\pdftex.def
File: pdftex.def 2020/10/05 v1.2a Graphics/color driver for pdftex
))
\Gin@req@height=\dimen139
\Gin@req@width=\dimen140
)
(C:\Users\39339\AppData\Local\Programs\MiKTeX\tex/latex/listings\listings.sty
\lst@mode=\count186
\lst@gtempboxa=\box47
\lst@token=\toks17
\lst@length=\count187
\lst@currlwidth=\dimen141
\lst@column=\count188
\lst@pos=\count189
\lst@lostspace=\dimen142
\lst@width=\dimen143
\lst@newlines=\count190
\lst@lineno=\count191
\lst@maxwidth=\dimen144

(C:\Users\39339\AppData\Local\Programs\MiKTeX\tex/latex/listings\lstmisc.sty
File: lstmisc.sty 2020/03/24 1.8d (Carsten Heinz)
\c@lstnumber=\count192
\lst@skipnumbers=\count193
\lst@framebox=\box48
)
(C:\Users\39339\AppData\Local\Programs\MiKTeX\tex/latex/listings\listings.cfg
File: listings.cfg 2020/03/24 1.8d listings configuration
))
Package: listings 2020/03/24 1.8d (Carsten Heinz)
(C:\Users\39339\AppData\Local\Programs\MiKTeX\tex/latex/natbib\natbib.sty
Package: natbib 2010/09/13 8.31b (PWD, AO)
\bibhang=\skip49
\bibsep=\skip50
LaTeX Info: Redefining \cite on input line 694.
\c@NAT@ctr=\count194
)
(C:\Users\39339\AppData\Local\Programs\MiKTeX\tex/latex/latex-tools\multicol.st
y
Package: multicol 2019/12/09 v1.8y multicolumn formatting (FMi)
\c@tracingmulticols=\count195
\mult@box=\box49
\multicol@leftmargin=\dimen145
\c@unbalance=\count196
\c@collectmore=\count197
\doublecol@number=\count198
\multicoltolerance=\count199
\multicolpretolerance=\count266
\full@width=\dimen146
\page@free=\dimen147
\premulticols=\dimen148
\postmulticols=\dimen149
\multicolsep=\skip51
\multicolbaselineskip=\skip52
\partial@page=\box50
\last@line=\box51
\maxbalancingoverflow=\dimen150
\mult@rightbox=\box52
\mult@grightbox=\box53
\mult@gfirstbox=\box54
\mult@firstbox=\box55
\@tempa=\box56
\@tempa=\box57
\@tempa=\box58
\@tempa=\box59
\@tempa=\box60
\@tempa=\box61
\@tempa=\box62
\@tempa=\box63
\@tempa=\box64
\@tempa=\box65
\@tempa=\box66
\@tempa=\box67
\@tempa=\box68
\@tempa=\box69
\@tempa=\box70
\@tempa=\box71
\@tempa=\box72
\@tempa=\box73
\@tempa=\box74
\@tempa=\box75
\@tempa=\box76
\@tempa=\box77
\@tempa=\box78
\@tempa=\box79
\@tempa=\box80
\@tempa=\box81
\@tempa=\box82
\@tempa=\box83
\@tempa=\box84
\@tempa=\box85
\@tempa=\box86
\@tempa=\box87
\@tempa=\box88
\@tempa=\box89
\@tempa=\box90
\@tempa=\box91
\@tempa=\box92
\c@minrows=\count267
\c@columnbadness=\count268
\c@finalcolumnbadness=\count269
\last@try=\dimen151
\multicolovershoot=\dimen152
\multicolundershoot=\dimen153
\mult@nat@firstbox=\box93
\colbreak@box=\box94
\mc@col@check@num=\count270
) (C:\Users\39339\AppData\Local\Programs\MiKTeX\tex/latex/xcolor\xcolor.sty
Package: xcolor 2016/05/11 v2.12 LaTeX color extensions (UK)

(C:\Users\39339\AppData\Local\Programs\MiKTeX\tex/latex/graphics-cfg\color.cfg
File: color.cfg 2016/01/02 v1.6 sample color configuration
)
Package xcolor Info: Driver file: pdftex.def on input line 225.
Package xcolor Info: Model `cmy' substituted by `cmy0' on input line 1348.
Package xcolor Info: Model `hsb' substituted by `rgb' on input line 1352.
Package xcolor Info: Model `RGB' extended on input line 1364.
Package xcolor Info: Model `HTML' substituted by `rgb' on input line 1366.
Package xcolor Info: Model `Hsb' substituted by `hsb' on input line 1367.
Package xcolor Info: Model `tHsb' substituted by `hsb' on input line 1368.
Package xcolor Info: Model `HSB' substituted by `hsb' on input line 1369.
Package xcolor Info: Model `Gray' substituted by `gray' on input line 1370.
Package xcolor Info: Model `wave' substituted by `hsb' on input line 1371.
)
(C:\Users\39339\AppData\Local\Programs\MiKTeX\tex/latex/algorithm2e\algorithm2e
.sty
Package: algorithm2e 2017/07/18 v5.2 algorithms environments
\c@AlgoLine=\count271
 (C:\Users\39339\AppData\Local\Programs\MiKTeX\tex/latex/base\ifthen.sty
Package: ifthen 2014/09/29 v1.1c Standard LaTeX ifthen package (DPC)
)
\algocf@hangindent=\skip53

(C:\Users\39339\AppData\Local\Programs\MiKTeX\tex/latex/ifoddpage\ifoddpage.sty
Package: ifoddpage 2016/04/23 v1.1 Conditionals for odd/even page detection
\c@checkoddpage=\count272
)
(C:\Users\39339\AppData\Local\Programs\MiKTeX\tex/latex/latex-tools\xspace.sty
Package: xspace 2014/10/28 v1.13 Space after command names (DPC,MH)
) (C:\Users\39339\AppData\Local\Programs\MiKTeX\tex/latex/relsize\relsize.sty
Package: relsize 2013/03/29 ver 4.1
)
\skiptotal=\skip54
\skiplinenumber=\skip55
\skiprule=\skip56
\skiphlne=\skip57
\skiptext=\skip58
\skiplength=\skip59
\algomargin=\skip60
\skipalgocfslide=\skip61
\algowidth=\dimen154
\inoutsize=\dimen155
\inoutindent=\dimen156
\interspacetitleruled=\dimen157
\interspacealgoruled=\dimen158
\interspacetitleboxruled=\dimen159
\algocf@ruledwidth=\skip62
\algocf@inoutbox=\box95
\algocf@inputbox=\box96
\AlCapSkip=\skip63
\AlCapHSkip=\skip64
\algoskipindent=\skip65
\algocf@nlbox=\box97
\algocf@hangingbox=\box98
\algocf@untilbox=\box99
\algocf@skipuntil=\skip66
\algocf@capbox=\box100
\algocf@lcaptionbox=\skip67
\algoheightruledefault=\skip68
\algoheightrule=\skip69
\algotitleheightruledefault=\skip70
\algotitleheightrule=\skip71
\c@algocfline=\count273
\c@algocfproc=\count274
\c@algocf=\count275
\algocf@algoframe=\box101
\algocf@algobox=\box102
)
(C:\Users\39339\AppData\Local\Programs\MiKTeX\tex/latex/multirow\multirow.sty
Package: multirow 2021/01/02 v2.6 Span multiple rows of a table
\multirow@colwidth=\skip72
\multirow@cntb=\count276
\multirow@dima=\skip73
\bigstrutjot=\dimen160
)
(C:\Users\39339\AppData\Local\Programs\MiKTeX\tex/latex/latex-tools\array.sty
Package: array 2020/10/01 v2.5c Tabular extension package (FMi)
\col@sep=\dimen161
\ar@mcellbox=\box103
\extrarowheight=\dimen162
\NC@list=\toks18
\extratabsurround=\skip74
\backup@length=\skip75
\ar@cellbox=\box104
)
(C:\Users\39339\AppData\Local\Programs\MiKTeX\tex/latex/float\float.sty
Package: float 2001/11/08 v1.3d Float enhancements (AL)
\c@float@type=\count277
\float@exts=\toks19
\float@box=\box105
\@float@everytoks=\toks20
\@floatcapt=\box106
)
(C:\Users\39339\AppData\Local\Programs\MiKTeX\tex/latex/hyperref\hyperref.sty
Package: hyperref 2020-05-15 v7.00e Hypertext links for LaTeX

(C:\Users\39339\AppData\Local\Programs\MiKTeX\tex/generic/ltxcmds\ltxcmds.sty
Package: ltxcmds 2020-05-10 v1.25 LaTeX kernel commands for general use (HO)
)
(C:\Users\39339\AppData\Local\Programs\MiKTeX\tex/generic/iftex\iftex.sty
Package: iftex 2020/03/06 v1.0d TeX engine tests
)
(C:\Users\39339\AppData\Local\Programs\MiKTeX\tex/generic/pdftexcmds\pdftexcmds
.sty
Package: pdftexcmds 2020-06-27 v0.33 Utility functions of pdfTeX for LuaTeX (HO
)

(C:\Users\39339\AppData\Local\Programs\MiKTeX\tex/generic/infwarerr\infwarerr.s
ty
Package: infwarerr 2019/12/03 v1.5 Providing info/warning/error messages (HO)
)
Package pdftexcmds Info: \pdf@primitive is available.
Package pdftexcmds Info: \pdf@ifprimitive is available.
Package pdftexcmds Info: \pdfdraftmode found.
)
(C:\Users\39339\AppData\Local\Programs\MiKTeX\tex/generic/kvsetkeys\kvsetkeys.s
ty
Package: kvsetkeys 2019/12/15 v1.18 Key value parser (HO)
)
(C:\Users\39339\AppData\Local\Programs\MiKTeX\tex/generic/kvdefinekeys\kvdefine
keys.sty
Package: kvdefinekeys 2019-12-19 v1.6 Define keys (HO)
)
(C:\Users\39339\AppData\Local\Programs\MiKTeX\tex/generic/pdfescape\pdfescape.s
ty
Package: pdfescape 2019/12/09 v1.15 Implements pdfTeX's escape features (HO)
) (C:\Users\39339\AppData\Local\Programs\MiKTeX\tex/latex/hycolor\hycolor.sty
Package: hycolor 2020-01-27 v1.10 Color options for hyperref/bookmark (HO)
)
(C:\Users\39339\AppData\Local\Programs\MiKTeX\tex/latex/letltxmacro\letltxmacro
.sty
Package: letltxmacro 2019/12/03 v1.6 Let assignment for LaTeX macros (HO)
)
(C:\Users\39339\AppData\Local\Programs\MiKTeX\tex/latex/auxhook\auxhook.sty
Package: auxhook 2019-12-17 v1.6 Hooks for auxiliary files (HO)
)
(C:\Users\39339\AppData\Local\Programs\MiKTeX\tex/latex/kvoptions\kvoptions.sty
Package: kvoptions 2020-10-07 v3.14 Key value format for package options (HO)
)
\@linkdim=\dimen163
\Hy@linkcounter=\count278
\Hy@pagecounter=\count279
 (C:\Users\39339\AppData\Local\Programs\MiKTeX\tex/latex/hyperref\pd1enc.def
File: pd1enc.def 2020-05-15 v7.00e Hyperref: PDFDocEncoding definition (HO)
Now handling font encoding PD1 ...
... no UTF-8 mapping file for font encoding PD1
)
(C:\Users\39339\AppData\Local\Programs\MiKTeX\tex/generic/intcalc\intcalc.sty
Package: intcalc 2019/12/15 v1.3 Expandable calculations with integers (HO)
)
(C:\Users\39339\AppData\Local\Programs\MiKTeX\tex/generic/etexcmds\etexcmds.sty
Package: etexcmds 2019/12/15 v1.7 Avoid name clashes with e-TeX commands (HO)
)
\Hy@SavedSpaceFactor=\count280
Package hyperref Info: Hyper figures OFF on input line 4464.
Package hyperref Info: Link nesting OFF on input line 4469.
Package hyperref Info: Hyper index ON on input line 4472.
Package hyperref Info: Plain pages OFF on input line 4479.
Package hyperref Info: Backreferencing OFF on input line 4484.
Package hyperref Info: Implicit mode ON; LaTeX internals redefined.
Package hyperref Info: Bookmarks ON on input line 4717.
\c@Hy@tempcnt=\count281
 (C:\Users\39339\AppData\Local\Programs\MiKTeX\tex/latex/url\url.sty
\Urlmuskip=\muskip16
Package: url 2013/09/16  ver 3.4  Verb mode for urls, etc.
)
LaTeX Info: Redefining \url on input line 5076.
\XeTeXLinkMargin=\dimen164

(C:\Users\39339\AppData\Local\Programs\MiKTeX\tex/generic/bitset\bitset.sty
Package: bitset 2019/12/09 v1.3 Handle bit-vector datatype (HO)

(C:\Users\39339\AppData\Local\Programs\MiKTeX\tex/generic/bigintcalc\bigintcalc
.sty
Package: bigintcalc 2019/12/15 v1.5 Expandable calculations on big integers (HO
)
))
\Fld@menulength=\count282
\Field@Width=\dimen165
\Fld@charsize=\dimen166
Package hyperref Info: Hyper figures OFF on input line 6347.
Package hyperref Info: Link nesting OFF on input line 6352.
Package hyperref Info: Hyper index ON on input line 6355.
Package hyperref Info: backreferencing OFF on input line 6362.
Package hyperref Info: Link coloring OFF on input line 6367.
Package hyperref Info: Link coloring with OCG OFF on input line 6372.
Package hyperref Info: PDF/A mode OFF on input line 6377.
LaTeX Info: Redefining \ref on input line 6417.
LaTeX Info: Redefining \pageref on input line 6421.

(C:\Users\39339\AppData\Local\Programs\MiKTeX\tex/latex/base\atbegshi-ltx.sty
Package: atbegshi-ltx 2020/08/17 v1.0a Emulation of the original atbegshi packa
ge
with kernel methods
)
\Hy@abspage=\count283
\c@Item=\count284
\c@Hfootnote=\count285
)
Package hyperref Info: Driver (autodetected): hpdftex.
(C:\Users\39339\AppData\Local\Programs\MiKTeX\tex/latex/hyperref\hpdftex.def
File: hpdftex.def 2020-05-15 v7.00e Hyperref driver for pdfTeX

(C:\Users\39339\AppData\Local\Programs\MiKTeX\tex/latex/base\atveryend-ltx.sty
Package: atveryend-ltx 2020/08/19 v1.0a Emulation of the original atvery packag
e
with kernel methods
)
\Fld@listcount=\count286
\c@bookmark@seq@number=\count287

(C:\Users\39339\AppData\Local\Programs\MiKTeX\tex/latex/rerunfilecheck\rerunfil
echeck.sty
Package: rerunfilecheck 2019/12/05 v1.9 Rerun checks for auxiliary files (HO)

(C:\Users\39339\AppData\Local\Programs\MiKTeX\tex/generic/uniquecounter\uniquec
ounter.sty
Package: uniquecounter 2019/12/15 v1.4 Provide unlimited unique counter (HO)
)
Package uniquecounter Info: New unique counter `rerunfilecheck' on input line 2
86.
)
\Hy@SectionHShift=\skip76
)
(C:\Users\39339\AppData\Local\Programs\MiKTeX\tex/latex/l3backend\l3backend-pdf
tex.def
File: l3backend-pdftex.def 2021-01-09 L3 backend support: PDF output (pdfTeX)
\l__kernel_color_stack_int=\count288
\l__pdf_internal_box=\box107
) (main.aux (FrontMatter/titlePage.aux) (Chapters/Chapter1/chapter1.aux) (Chapt
ers/Chapter2/chapter2.aux) (Chapters/Chapter3/chapter3.aux)
(Chapters/Chapter4/chapter4.aux) (Chapters/Chapter5/chapter5.aux)
(Chapters/Chapter6/chapter6.aux) (Chapters/Chapter7/chapter7.aux))
\openout1 = `main.aux'.

LaTeX Font Info:    Checking defaults for OML/cmm/m/it on input line 36.
LaTeX Font Info:    ... okay on input line 36.
LaTeX Font Info:    Checking defaults for OMS/cmsy/m/n on input line 36.
LaTeX Font Info:    ... okay on input line 36.
LaTeX Font Info:    Checking defaults for OT1/cmr/m/n on input line 36.
LaTeX Font Info:    ... okay on input line 36.
LaTeX Font Info:    Checking defaults for T1/cmr/m/n on input line 36.
LaTeX Font Info:    ... okay on input line 36.
LaTeX Font Info:    Checking defaults for TS1/cmr/m/n on input line 36.
LaTeX Font Info:    ... okay on input line 36.
LaTeX Font Info:    Checking defaults for OMX/cmex/m/n on input line 36.
LaTeX Font Info:    ... okay on input line 36.
LaTeX Font Info:    Checking defaults for U/cmr/m/n on input line 36.
LaTeX Font Info:    ... okay on input line 36.
LaTeX Font Info:    Checking defaults for PD1/pdf/m/n on input line 36.
LaTeX Font Info:    ... okay on input line 36.

(C:\Users\39339\AppData\Local\Programs\MiKTeX\tex/context/base/mkii\supp-pdf.mk
ii
[Loading MPS to PDF converter (version 2006.09.02).]
\scratchcounter=\count289
\scratchdimen=\dimen167
\scratchbox=\box108
\nofMPsegments=\count290
\nofMParguments=\count291
\everyMPshowfont=\toks21
\MPscratchCnt=\count292
\MPscratchDim=\dimen168
\MPnumerator=\count293
\makeMPintoPDFobject=\count294
\everyMPtoPDFconversion=\toks22
)
(C:\Users\39339\AppData\Local\Programs\MiKTeX\tex/latex/epstopdf-pkg\epstopdf-b
ase.sty
Package: epstopdf-base 2020-01-24 v2.11 Base part for package epstopdf
Package epstopdf-base Info: Redefining graphics rule for `.eps' on input line 4
85.
)
\c@lstlisting=\count295
Package hyperref Info: Link coloring OFF on input line 36.

(C:\Users\39339\AppData\Local\Programs\MiKTeX\tex/latex/hyperref\nameref.sty
Package: nameref 2019/09/16 v2.46 Cross-referencing by name of section

(C:\Users\39339\AppData\Local\Programs\MiKTeX\tex/latex/refcount\refcount.sty
Package: refcount 2019/12/15 v3.6 Data extraction from label references (HO)
)
(C:\Users\39339\AppData\Local\Programs\MiKTeX\tex/generic/gettitlestring\gettit
lestring.sty
Package: gettitlestring 2019/12/15 v1.6 Cleanup title references (HO)
)
\c@section@level=\count296
)
LaTeX Info: Redefining \ref on input line 36.
LaTeX Info: Redefining \pageref on input line 36.
LaTeX Info: Redefining \nameref on input line 36.
 (main.out) (main.out)
\@outlinefile=\write3
\openout3 = `main.out'.

\openout2 = `./FrontMatter/titlePage.aux'.

 (FrontMatter/titlePage.tex
<./Images/Polimilogo.png, id=131, 405.515pt x 125.46875pt>
File: ./Images/Polimilogo.png Graphic file (type png)
<use ./Images/Polimilogo.png>
Package pdftex.def Info: ./Images/Polimilogo.png  used on input line 6.
(pdftex.def)             Requested size: 284.52756pt x 88.0362pt.
<./Images/MockupLogo/LogoEnorme.png, id=132, 697.10437pt x 384.6872pt>
File: ./Images/MockupLogo/LogoEnorme.png Graphic file (type png)
<use ./Images/MockupLogo/LogoEnorme.png>
Package pdftex.def Info: ./Images/MockupLogo/LogoEnorme.png  used on input line
 19.
(pdftex.def)             Requested size: 284.52756pt x 157.01251pt.
LaTeX Font Info:    Trying to load font information for U+msa on input line 38.


(C:\Users\39339\AppData\Local\Programs\MiKTeX\tex/latex/amsfonts\umsa.fd
File: umsa.fd 2013/01/14 v3.01 AMS symbols A
)
LaTeX Font Info:    Trying to load font information for U+msb on input line 38.


(C:\Users\39339\AppData\Local\Programs\MiKTeX\tex/latex/amsfonts\umsb.fd
File: umsb.fd 2013/01/14 v3.01 AMS symbols B
))
[1


{C:/Users/39339/AppData/Local/MiKTeX/pdftex/config/pdftex.map} <./Images/Polimi
logo.png> <./Images/MockupLogo/LogoEnorme.png>] (main.toc [2



])
\tf@toc=\write4
\openout4 = `main.toc'.

 [3] (main.lof)
\tf@lof=\write5
\openout5 = `main.lof'.

[4

]
\openout2 = `./Chapters/Chapter1/chapter1.aux'.

 (Chapters/Chapter1/chapter1.tex
Chapter 1.
(Chapters/Chapter1/1.2Scope.tex)
(Chapters/Chapter1/1.3DefinitionsAcronymsAbbreviations.tex
(Chapters/Chapter1/1.3.1Definitions.tex [1



])
(Chapters/Chapter1/1.3.2Acronyms.tex [2])
(Chapters/Chapter1/1.3.3Abbreviations.tex)) (Chapters/Chapter1/1.4Revision.tex)
(Chapters/Chapter1/1.5Reference.tex)) [3]
\openout2 = `./Chapters/Chapter2/chapter2.aux'.

 (Chapters/Chapter2/chapter2.tex
Chapter 2.
[4




]) [5]
\openout2 = `./Chapters/Chapter3/chapter3.aux'.

 (Chapters/Chapter3/chapter3.tex
Chapter 3.
(Chapters/Chapter3/3.1FrameworkProgrammingLang.tex)
(Chapters/Chapter3/3.2MiddlewareSoftware.tex [6




])
(Chapters/Chapter3/3.3ExternalAPI.tex)) [7]
\openout2 = `./Chapters/Chapter4/chapter4.aux'.

 (Chapters/Chapter4/chapter4.tex
Chapter 4.

Overfull \hbox (36.80159pt too wide) in paragraph at lines 2--5
[]$\OT1/cmr/m/n/12 . 
 []

LaTeX Font Info:    Trying to load font information for OMS+cmr on input line 8
.
(C:\Users\39339\AppData\Local\Programs\MiKTeX\tex/latex/base\omscmr.fd
File: omscmr.fd 2019/12/16 v2.5j Standard LaTeX font definitions
)
LaTeX Font Info:    Font shape `OMS/cmr/m/n' in size <12> not available
(Font)              Font shape `OMS/cmsy/m/n' tried instead on input line 8.

Overfull \hbox (12.47195pt too wide) in paragraph at lines 21--22
[]\OT1/cmr/m/n/12 CLup\OMS/cmsy/m/n/12 n\OT1/cmr/m/n/12 CLupWEB\OMS/cmsy/m/n/12
 n\OT1/cmr/m/n/12 build\OMS/cmsy/m/n/12 n\OT1/cmr/m/n/12 classes\OMS/cmsy/m/n/1
2 n\OT1/cmr/m/n/12 it\OMS/cmsy/m/n/12 n\OT1/cmr/m/n/12 clup\OMS/cmsy/m/n/12 n\O
T1/cmr/m/n/12 services\OMS/cmsy/m/n/12 n\OT1/cmr/m/n/12 CustomerService.class 
 []


Overfull \hbox (34.27034pt too wide) in paragraph at lines 22--23
[]\OT1/cmr/m/n/12 CLup\OMS/cmsy/m/n/12 n\OT1/cmr/m/n/12 CLupWEB\OMS/cmsy/m/n/12
 n\OT1/cmr/m/n/12 build\OMS/cmsy/m/n/12 n\OT1/cmr/m/n/12 classes\OMS/cmsy/m/n/1
2 n\OT1/cmr/m/n/12 it\OMS/cmsy/m/n/12 n\OT1/cmr/m/n/12 clup\OMS/cmsy/m/n/12 n\O
T1/cmr/m/n/12 services\OMS/cmsy/m/n/12 n\OT1/cmr/m/n/12 StoreManagerService.cla
ss 
 []


Overfull \hbox (18.17746pt too wide) in paragraph at lines 28--29
[]\OT1/cmr/m/n/12 CLup\OMS/cmsy/m/n/12 n\OT1/cmr/m/n/12 CLupWEB\OMS/cmsy/m/n/12
 n\OT1/cmr/m/n/12 build\OMS/cmsy/m/n/12 n\OT1/cmr/m/n/12 classes\OMS/cmsy/m/n/1
2 n\OT1/cmr/m/n/12 it\OMS/cmsy/m/n/12 n\OT1/cmr/m/n/12 clup\OMS/cmsy/m/n/12 n\O
T1/cmr/m/n/12 utilities\OMS/cmsy/m/n/12 n\OT1/cmr/m/n/12 CustomersLineUp.class 

 []


Overfull \hbox (10.2095pt too wide) in paragraph at lines 29--30
[]\OT1/cmr/m/n/12 CLup\OMS/cmsy/m/n/12 n\OT1/cmr/m/n/12 CLupWEB\OMS/cmsy/m/n/12
 n\OT1/cmr/m/n/12 build\OMS/cmsy/m/n/12 n\OT1/cmr/m/n/12 classes\OMS/cmsy/m/n/1
2 n\OT1/cmr/m/n/12 it\OMS/cmsy/m/n/12 n\OT1/cmr/m/n/12 clup\OMS/cmsy/m/n/12 n\O
T1/cmr/m/n/12 utilities\OMS/cmsy/m/n/12 n\OT1/cmr/m/n/12 LineUpReqBody.class 
 []

[8




]
Underfull \hbox (badness 10000) in paragraph at lines 37--38

 []

) [9]
\openout2 = `./Chapters/Chapter5/chapter5.aux'.

 (Chapters/Chapter5/chapter5.tex
Chapter 5.
[10




]
Overfull \hbox (33.7422pt too wide) in paragraph at lines 19--22
\OT1/cmr/m/n/10 http:localhost:8080/CLupWEB/signup?username=myUsername&email=my
Email&password=myPassword
 []


Underfull \hbox (badness 10000) in paragraph at lines 19--22

 []


Underfull \hbox (badness 10000) in paragraph at lines 31--31
[]|\OT1/cmr/m/n/12 U="Marco", E="marco@gmail.com",
 []


Overfull \hbox (46.82407pt too wide) in paragraph at lines 23--33
 [] 
 []


Overfull \hbox (15.60037pt too wide) in paragraph at lines 38--41
\OT1/cmr/m/n/12 http:localhost:8080/CLupWEB/login?username=myUsername&password=
myPassword 
 []


Overfull \hbox (46.82407pt too wide) in paragraph at lines 42--52
 [] 
 []

[11]
Underfull \hbox (badness 10000) in paragraph at lines 69--69
[]|\OT1/cmr/m/n/12 U=(userHasAlreadyLinedUp),
 []


Overfull \hbox (46.82407pt too wide) in paragraph at lines 61--72
 [] 
 []


Overfull \hbox (46.82407pt too wide) in paragraph at lines 82--91
 [] 
 []

[12]
Overfull \hbox (46.82407pt too wide) in paragraph at lines 99--108
 [] 
 []


Overfull \hbox (46.82407pt too wide) in paragraph at lines 114--121
 [] 
 []

) [13]
\openout2 = `./Chapters/Chapter6/chapter6.aux'.

 (Chapters/Chapter6/chapter6.tex
Chapter 6.
[14




]) [15]
\openout2 = `./Chapters/Chapter7/chapter7.aux'.


No file ./Chapters/Chapter7/chapter7.tex.
No file main.bbl.
(main.aux (FrontMatter/titlePage.aux) (Chapters/Chapter1/chapter1.aux)
(Chapters/Chapter2/chapter2.aux) (Chapters/Chapter3/chapter3.aux)
(Chapters/Chapter4/chapter4.aux) (Chapters/Chapter5/chapter5.aux)
(Chapters/Chapter6/chapter6.aux) (Chapters/Chapter7/chapter7.aux))
Package rerunfilecheck Info: File `main.out' has not changed.
(rerunfilecheck)             Checksum: 4E47574FD177CCB8EA4718C8B2B0B0F1;2223.
 ) 
Here is how much of TeX's memory you used:
 9351 strings out of 479618
 143569 string characters out of 2865026
 463347 words of memory out of 3000000
 26217 multiletter control sequences out of 15000+200000
 412084 words of font info for 59 fonts, out of 3000000 for 9000
 1141 hyphenation exceptions out of 8191
 71i,8n,74p,954b,501s stack positions out of 5000i,500n,10000p,200000b,50000s
 <C:\Users\39339\AppData\Local\MiKTeX\fonts/pk/ljfour/jknappen/ec/dpi600\tcrm
1200.pk><C:/Users/39339/AppData/Local/Programs/MiKTeX/fonts/type1/public/amsfon
ts/cm/cmbx12.pfb><C:/Users/39339/AppData/Local/Programs/MiKTeX/fonts/type1/publ
ic/amsfonts/cm/cmmi12.pfb><C:/Users/39339/AppData/Local/Programs/MiKTeX/fonts/t
ype1/public/amsfonts/cm/cmmi8.pfb><C:/Users/39339/AppData/Local/Programs/MiKTeX
/fonts/type1/public/amsfonts/cm/cmr10.pfb><C:/Users/39339/AppData/Local/Program
s/MiKTeX/fonts/type1/public/amsfonts/cm/cmr12.pfb><C:/Users/39339/AppData/Local
/Programs/MiKTeX/fonts/type1/public/amsfonts/cm/cmr8.pfb><C:/Users/39339/AppDat
a/Local/Programs/MiKTeX/fonts/type1/public/amsfonts/cm/cmsy10.pfb>
Output written on main.pdf (19 pages, 180646 bytes).
PDF statistics:
 302 PDF objects out of 1000 (max. 8388607)
 54 named destinations out of 1000 (max. 500000)
 267 words of extra memory for PDF output out of 10000 (max. 10000000)

