\BOOKMARK [0][-]{chapter.1}{Introduction}{}% 1
\BOOKMARK [1][-]{section.1.1}{Scope}{chapter.1}% 2
\BOOKMARK [1][-]{section.1.2}{Definitions, Acronyms, Abbreviations}{chapter.1}% 3
\BOOKMARK [2][-]{subsection.1.2.1}{Definitions}{section.1.2}% 4
\BOOKMARK [2][-]{subsection.1.2.2}{Acronyms}{section.1.2}% 5
\BOOKMARK [2][-]{subsection.1.2.3}{Abbreviations}{section.1.2}% 6
\BOOKMARK [1][-]{section.1.3}{Revision History}{chapter.1}% 7
\BOOKMARK [1][-]{section.1.4}{Reference Documents}{chapter.1}% 8
\BOOKMARK [0][-]{chapter.2}{Implemented goals and requirements}{}% 9
\BOOKMARK [0][-]{chapter.3}{Development Frameworks}{}% 10
\BOOKMARK [1][-]{section.3.1}{Frameworks and Programming Languages}{chapter.3}% 11
\BOOKMARK [2][-]{subsection.3.1.1}{Application Server}{section.3.1}% 12
\BOOKMARK [2][-]{subsection.3.1.2}{Database}{section.3.1}% 13
\BOOKMARK [2][-]{subsection.3.1.3}{Mobile Application \(For Customers\)}{section.3.1}% 14
\BOOKMARK [1][-]{section.3.2}{Middleware Software}{chapter.3}% 15
\BOOKMARK [1][-]{section.3.3}{External API}{chapter.3}% 16
\BOOKMARK [0][-]{chapter.4}{Source Code Structure}{}% 17
\BOOKMARK [0][-]{chapter.5}{Testing}{}% 18
\BOOKMARK [1][-]{section.5.1}{Testing Plan}{chapter.5}% 19
\BOOKMARK [1][-]{section.5.2}{Unit Testing}{chapter.5}% 20
\BOOKMARK [1][-]{section.5.3}{Integration Testing}{chapter.5}% 21
\BOOKMARK [2][-]{subsection.5.3.1}{Test Case 1: Customer Registration}{section.5.3}% 22
\BOOKMARK [2][-]{subsection.5.3.2}{Test Case 2: Customer Login}{section.5.3}% 23
\BOOKMARK [2][-]{subsection.5.3.3}{Test Case 3: Add LineUpRequest}{section.5.3}% 24
\BOOKMARK [2][-]{subsection.5.3.4}{Test Case 4: Delete LineUpRequest}{section.5.3}% 25
\BOOKMARK [2][-]{subsection.5.3.5}{Test Case 5: Customer Entrance}{section.5.3}% 26
\BOOKMARK [2][-]{subsection.5.3.6}{Test Case 6: Retrieve Supermarkets}{section.5.3}% 27
\BOOKMARK [0][-]{chapter.6}{Installation Instructions}{}% 28
\BOOKMARK [1][-]{section.6.1}{Install the Restful Server and the DB}{chapter.6}% 29
\BOOKMARK [1][-]{section.6.2}{Install the Mobile Application}{chapter.6}% 30
\BOOKMARK [2][-]{subsection.6.2.1}{Run the APK \(Recommended\)}{section.6.2}% 31
\BOOKMARK [2][-]{subsection.6.2.2}{Run with Expo}{section.6.2}% 32
