This is pdfTeX, Version 3.14159265-2.6-1.40.21 (MiKTeX 20.12) (preloaded format=pdflatex 2021.1.13)  7 FEB 2021 18:56
entering extended mode
**./main.tex
(main.tex
LaTeX2e <2020-10-01> patch level 4
L3 programming layer <2021-01-09> xparse <2020-03-03>
(C:\Users\39339\AppData\Local\Programs\MiKTeX\tex/latex/base\report.cls
Document Class: report 2020/04/10 v1.4m Standard LaTeX document class
(C:\Users\39339\AppData\Local\Programs\MiKTeX\tex/latex/base\size12.clo
File: size12.clo 2020/04/10 v1.4m Standard LaTeX file (size option)
)
\c@part=\count177
\c@chapter=\count178
\c@section=\count179
\c@subsection=\count180
\c@subsubsection=\count181
\c@paragraph=\count182
\c@subparagraph=\count183
\c@figure=\count184
\c@table=\count185
\abovecaptionskip=\skip47
\belowcaptionskip=\skip48
\bibindent=\dimen138
)
(C:\Users\39339\AppData\Local\Programs\MiKTeX\tex/latex/amsfonts\amssymb.sty
Package: amssymb 2013/01/14 v3.01 AMS font symbols

(C:\Users\39339\AppData\Local\Programs\MiKTeX\tex/latex/amsfonts\amsfonts.sty
Package: amsfonts 2013/01/14 v3.01 Basic AMSFonts support
\@emptytoks=\toks15
\symAMSa=\mathgroup4
\symAMSb=\mathgroup5
LaTeX Font Info:    Redeclaring math symbol \hbar on input line 98.
LaTeX Font Info:    Overwriting math alphabet `\mathfrak' in version `bold'
(Font)                  U/euf/m/n --> U/euf/b/n on input line 106.
)) (C:\Users\39339\AppData\Local\Programs\MiKTeX\tex/latex/graphics\graphicx.st
y
Package: graphicx 2020/09/09 v1.2b Enhanced LaTeX Graphics (DPC,SPQR)

(C:\Users\39339\AppData\Local\Programs\MiKTeX\tex/latex/graphics\keyval.sty
Package: keyval 2014/10/28 v1.15 key=value parser (DPC)
\KV@toks@=\toks16
)
(C:\Users\39339\AppData\Local\Programs\MiKTeX\tex/latex/graphics\graphics.sty
Package: graphics 2020/08/30 v1.4c Standard LaTeX Graphics (DPC,SPQR)

(C:\Users\39339\AppData\Local\Programs\MiKTeX\tex/latex/graphics\trig.sty
Package: trig 2016/01/03 v1.10 sin cos tan (DPC)
)
(C:\Users\39339\AppData\Local\Programs\MiKTeX\tex/latex/graphics-cfg\graphics.c
fg
File: graphics.cfg 2016/06/04 v1.11 sample graphics configuration
)
Package graphics Info: Driver file: pdftex.def on input line 105.

(C:\Users\39339\AppData\Local\Programs\MiKTeX\tex/latex/graphics-def\pdftex.def
File: pdftex.def 2020/10/05 v1.2a Graphics/color driver for pdftex
))
\Gin@req@height=\dimen139
\Gin@req@width=\dimen140
) (C:\Users\39339\AppData\Local\Programs\MiKTeX\tex/latex/natbib\natbib.sty
Package: natbib 2010/09/13 8.31b (PWD, AO)
\bibhang=\skip49
\bibsep=\skip50
LaTeX Info: Redefining \cite on input line 694.
\c@NAT@ctr=\count186
)
(C:\Users\39339\AppData\Local\Programs\MiKTeX\tex/latex/latex-tools\multicol.st
y
Package: multicol 2019/12/09 v1.8y multicolumn formatting (FMi)
\c@tracingmulticols=\count187
\mult@box=\box47
\multicol@leftmargin=\dimen141
\c@unbalance=\count188
\c@collectmore=\count189
\doublecol@number=\count190
\multicoltolerance=\count191
\multicolpretolerance=\count192
\full@width=\dimen142
\page@free=\dimen143
\premulticols=\dimen144
\postmulticols=\dimen145
\multicolsep=\skip51
\multicolbaselineskip=\skip52
\partial@page=\box48
\last@line=\box49
\maxbalancingoverflow=\dimen146
\mult@rightbox=\box50
\mult@grightbox=\box51
\mult@gfirstbox=\box52
\mult@firstbox=\box53
\@tempa=\box54
\@tempa=\box55
\@tempa=\box56
\@tempa=\box57
\@tempa=\box58
\@tempa=\box59
\@tempa=\box60
\@tempa=\box61
\@tempa=\box62
\@tempa=\box63
\@tempa=\box64
\@tempa=\box65
\@tempa=\box66
\@tempa=\box67
\@tempa=\box68
\@tempa=\box69
\@tempa=\box70
\@tempa=\box71
\@tempa=\box72
\@tempa=\box73
\@tempa=\box74
\@tempa=\box75
\@tempa=\box76
\@tempa=\box77
\@tempa=\box78
\@tempa=\box79
\@tempa=\box80
\@tempa=\box81
\@tempa=\box82
\@tempa=\box83
\@tempa=\box84
\@tempa=\box85
\@tempa=\box86
\@tempa=\box87
\@tempa=\box88
\@tempa=\box89
\@tempa=\box90
\c@minrows=\count193
\c@columnbadness=\count194
\c@finalcolumnbadness=\count195
\last@try=\dimen147
\multicolovershoot=\dimen148
\multicolundershoot=\dimen149
\mult@nat@firstbox=\box91
\colbreak@box=\box92
\mc@col@check@num=\count196
) (C:\Users\39339\AppData\Local\Programs\MiKTeX\tex/latex/xcolor\xcolor.sty
Package: xcolor 2016/05/11 v2.12 LaTeX color extensions (UK)

(C:\Users\39339\AppData\Local\Programs\MiKTeX\tex/latex/graphics-cfg\color.cfg
File: color.cfg 2016/01/02 v1.6 sample color configuration
)
Package xcolor Info: Driver file: pdftex.def on input line 225.
Package xcolor Info: Model `cmy' substituted by `cmy0' on input line 1348.
Package xcolor Info: Model `hsb' substituted by `rgb' on input line 1352.
Package xcolor Info: Model `RGB' extended on input line 1364.
Package xcolor Info: Model `HTML' substituted by `rgb' on input line 1366.
Package xcolor Info: Model `Hsb' substituted by `hsb' on input line 1367.
Package xcolor Info: Model `tHsb' substituted by `hsb' on input line 1368.
Package xcolor Info: Model `HSB' substituted by `hsb' on input line 1369.
Package xcolor Info: Model `Gray' substituted by `gray' on input line 1370.
Package xcolor Info: Model `wave' substituted by `hsb' on input line 1371.
) (C:\Users\39339\AppData\Local\Programs\MiKTeX\tex/latex/multirow\multirow.sty
Package: multirow 2021/01/02 v2.6 Span multiple rows of a table
\multirow@colwidth=\skip53
\multirow@cntb=\count197
\multirow@dima=\skip54
\bigstrutjot=\dimen150
) (C:\Users\39339\AppData\Local\Programs\MiKTeX\tex/latex/latex-tools\array.sty
Package: array 2020/10/01 v2.5c Tabular extension package (FMi)
\col@sep=\dimen151
\ar@mcellbox=\box93
\extrarowheight=\dimen152
\NC@list=\toks17
\extratabsurround=\skip55
\backup@length=\skip56
\ar@cellbox=\box94
) (C:\Users\39339\AppData\Local\Programs\MiKTeX\tex/latex/listings\listings.sty
\lst@mode=\count198
\lst@gtempboxa=\box95
\lst@token=\toks18
\lst@length=\count199
\lst@currlwidth=\dimen153
\lst@column=\count266
\lst@pos=\count267
\lst@lostspace=\dimen154
\lst@width=\dimen155
\lst@newlines=\count268
\lst@lineno=\count269
\lst@maxwidth=\dimen156
(C:\Users\39339\AppData\Local\Programs\MiKTeX\tex/latex/listings\lstmisc.sty
File: lstmisc.sty 2020/03/24 1.8d (Carsten Heinz)
\c@lstnumber=\count270
\lst@skipnumbers=\count271
\lst@framebox=\box96
)
(C:\Users\39339\AppData\Local\Programs\MiKTeX\tex/latex/listings\listings.cfg
File: listings.cfg 2020/03/24 1.8d listings configuration
))
Package: listings 2020/03/24 1.8d (Carsten Heinz)
(alloy-style.sty)
(C:\Users\39339\AppData\Local\Programs\MiKTeX\tex/latex/float\float.sty
Package: float 2001/11/08 v1.3d Float enhancements (AL)
\c@float@type=\count272
\float@exts=\toks19
\float@box=\box97
\@float@everytoks=\toks20
\@floatcapt=\box98
)
(C:\Users\39339\AppData\Local\Programs\MiKTeX\tex/latex/l3backend\l3backend-pdf
tex.def
File: l3backend-pdftex.def 2021-01-09 L3 backend support: PDF output (pdfTeX)
\l__kernel_color_stack_int=\count273
\l__pdf_internal_box=\box99
) (main.aux (FrontMatter/titlePage.aux) (Chapters/Chapter1/chapter1.aux) (Chapt
ers/Chapter2/chapter2.aux) (Chapters/Chapter3/chapter3.aux)
(Chapters/Chapter4/chapter4.aux) (Chapters/Chapter5/chapter5.aux)
(Chapters/Chapter6/chapter6.aux))
\openout1 = `main.aux'.

LaTeX Font Info:    Checking defaults for OML/cmm/m/it on input line 32.
LaTeX Font Info:    ... okay on input line 32.
LaTeX Font Info:    Checking defaults for OMS/cmsy/m/n on input line 32.
LaTeX Font Info:    ... okay on input line 32.
LaTeX Font Info:    Checking defaults for OT1/cmr/m/n on input line 32.
LaTeX Font Info:    ... okay on input line 32.
LaTeX Font Info:    Checking defaults for T1/cmr/m/n on input line 32.
LaTeX Font Info:    ... okay on input line 32.
LaTeX Font Info:    Checking defaults for TS1/cmr/m/n on input line 32.
LaTeX Font Info:    ... okay on input line 32.
LaTeX Font Info:    Checking defaults for OMX/cmex/m/n on input line 32.
LaTeX Font Info:    ... okay on input line 32.
LaTeX Font Info:    Checking defaults for U/cmr/m/n on input line 32.
LaTeX Font Info:    ... okay on input line 32.

(C:\Users\39339\AppData\Local\Programs\MiKTeX\tex/context/base/mkii\supp-pdf.mk
ii
[Loading MPS to PDF converter (version 2006.09.02).]
\scratchcounter=\count274
\scratchdimen=\dimen157
\scratchbox=\box100
\nofMPsegments=\count275
\nofMParguments=\count276
\everyMPshowfont=\toks21
\MPscratchCnt=\count277
\MPscratchDim=\dimen158
\MPnumerator=\count278
\makeMPintoPDFobject=\count279
\everyMPtoPDFconversion=\toks22
)
(C:\Users\39339\AppData\Local\Programs\MiKTeX\tex/latex/epstopdf-pkg\epstopdf-b
ase.sty
Package: epstopdf-base 2020-01-24 v2.11 Base part for package epstopdf
Package epstopdf-base Info: Redefining graphics rule for `.eps' on input line 4
85.
)
\c@lstlisting=\count280
\openout2 = `./FrontMatter/titlePage.aux'.

 (FrontMatter/titlePage.tex
<./Images/Polimilogo.png, id=1, 405.515pt x 125.46875pt>
File: ./Images/Polimilogo.png Graphic file (type png)
<use ./Images/Polimilogo.png>
Package pdftex.def Info: ./Images/Polimilogo.png  used on input line 6.
(pdftex.def)             Requested size: 284.52756pt x 88.0362pt.
<./Images/MockupLogo/LogoEnorme.png, id=2, 697.10437pt x 384.6872pt>
File: ./Images/MockupLogo/LogoEnorme.png Graphic file (type png)
<use ./Images/MockupLogo/LogoEnorme.png>
Package pdftex.def Info: ./Images/MockupLogo/LogoEnorme.png  used on input line
 19.
(pdftex.def)             Requested size: 284.52756pt x 157.01251pt.
) [1


{C:/Users/39339/AppData/Local/MiKTeX/pdftex/config/pdftex.map} <./Images/Polimi
logo.png> <./Images/MockupLogo/LogoEnorme.png>] (main.toc
LaTeX Font Info:    Trying to load font information for U+msa on input line 2.

(C:\Users\39339\AppData\Local\Programs\MiKTeX\tex/latex/amsfonts\umsa.fd
File: umsa.fd 2013/01/14 v3.01 AMS symbols A
)
LaTeX Font Info:    Trying to load font information for U+msb on input line 2.

(C:\Users\39339\AppData\Local\Programs\MiKTeX\tex/latex/amsfonts\umsb.fd
File: umsb.fd 2013/01/14 v3.01 AMS symbols B
)
[2



])
\tf@toc=\write3
\openout3 = `main.toc'.

 [3] (main.lof)
\tf@lof=\write4
\openout4 = `main.lof'.

 [4

]
\openout2 = `./Chapters/Chapter1/chapter1.aux'.

 (Chapters/Chapter1/chapter1.tex
Chapter 1.
(Chapters/Chapter1/1.1Purpose.tex (Chapters/Chapter1/1.1.1GeneralPurpose.tex)
(Chapters/Chapter1/1.1.2Goals.tex
Underfull \hbox (badness 10000) in paragraph at lines 3--1

 []

[1



])) (Chapters/Chapter1/1.2Scope.tex [2]
<./images//WSMPhenomena.png, id=31, 607.97137pt x 358.18819pt>
File: ./images//WSMPhenomena.png Graphic file (type png)
<use ./images//WSMPhenomena.png>
Package pdftex.def Info: ./images//WSMPhenomena.png  used on input line 38.
(pdftex.def)             Requested size: 303.98494pt x 179.09364pt.
 [3])
(Chapters/Chapter1/1.3DefinitionsAcronymsAbbreviations.tex
(Chapters/Chapter1/1.3.1Definitions.tex [4 <./images//WSMPhenomena.png>])
(Chapters/Chapter1/1.3.2Acronyms.tex) (Chapters/Chapter1/1.3.3Abbreviations.tex
[5])) (Chapters/Chapter1/1.4Revision.tex) (Chapters/Chapter1/1.5Reference.tex)
(Chapters/Chapter1/1.6Overview.tex
Underfull \hbox (badness 10000) in paragraph at lines 3--4

 []

[6])) [7]
\openout2 = `./Chapters/Chapter2/chapter2.aux'.

 (Chapters/Chapter2/chapter2.tex
Chapter 2.
(Chapters/Chapter2/2.1ProductPerspective.tex
(Chapters/Chapter2/2.1.1ClassDiagram.tex
<./images//ClassDiagramRASD.png, id=51, 635.07263pt x 502.2765pt>
File: ./images//ClassDiagramRASD.png Graphic file (type png)
<use ./images//ClassDiagramRASD.png>
Package pdftex.def Info: ./images//ClassDiagramRASD.png  used on input line 5.
(pdftex.def)             Requested size: 476.3033pt x 376.70645pt.
 [8




])
(Chapters/Chapter2/2.1.2StatechartDiagrams.tex
<./images//RequestStateDiagram.png, id=55, 818.45775pt x 266.49562pt>
File: ./images//RequestStateDiagram.png Graphic file (type png)
<use ./images//RequestStateDiagram.png>
Package pdftex.def Info: ./images//RequestStateDiagram.png  used on input line 
8.
(pdftex.def)             Requested size: 466.52576pt x 151.90407pt.
 [9 <./images//ClassDiagramRASD.png>]
<./images//TicketStateDiagram.png, id=61, 917.829pt x 323.40825pt>
File: ./images//TicketStateDiagram.png Graphic file (type png)
<use ./images//TicketStateDiagram.png>
Package pdftex.def Info: ./images//TicketStateDiagram.png  used on input line 1
7.
(pdftex.def)             Requested size: 523.16797pt x 184.3446pt.
)) (Chapters/Chapter2/2.2ProductFunction.tex
(Chapters/Chapter2/2.2.1LineUpSystem.tex)
(Chapters/Chapter2/2.2.2BookingSystem.tex [10 <./images//RequestStateDiagram.pn
g> <./images//TicketStateDiagram.png>])
(Chapters/Chapter2/2.2.3EntranceTicket.tex [11])
(Chapters/Chapter2/2.2.4Monitoring.tex))
(Chapters/Chapter2/2.3UserCharacteristics.tex)
(Chapters/Chapter2/2.4.Constrains.tex [12])
(Chapters/Chapter2/2.5AssumptionsDependencies.tex
(Chapters/Chapter2/2.5.1TextAssumption.tex [13])
(Chapters/Chapter2/2.5.2DomainAssumption.tex))) [14]
\openout2 = `./Chapters/Chapter3/chapter3.aux'.


(Chapters/Chapter3/chapter3.tex
Chapter 3.
(Chapters/Chapter3/3.1ExternalInterfaceRequirements.tex
(Chapters/Chapter3/3.1.1UserInterface.tex
<./Images/MockupLogo/mockLogin.png, id=79, 338.76563pt x 654.19406pt>
File: ./Images/MockupLogo/mockLogin.png Graphic file (type png)
<use ./Images/MockupLogo/mockLogin.png>
Package pdftex.def Info: ./Images/MockupLogo/mockLogin.png  used on input line 
6.
(pdftex.def)             Requested size: 130.08731pt x 251.22163pt.
<./Images/MockupLogo/mockRegistration.png, id=80, 336.50719pt x 654.94687pt>
File: ./Images/MockupLogo/mockRegistration.png Graphic file (type png)
<use ./Images/MockupLogo/mockRegistration.png>
Package pdftex.def Info: ./Images/MockupLogo/mockRegistration.png  used on inpu
t line 11.
(pdftex.def)             Requested size: 130.08731pt x 253.18967pt.
<./Images/MockupLogo/mockLineUpNew.png, id=81, 329.73187pt x 654.94687pt>
File: ./Images/MockupLogo/mockLineUpNew.png Graphic file (type png)
<use ./Images/MockupLogo/mockLineUpNew.png>
Package pdftex.def Info: ./Images/MockupLogo/mockLineUpNew.png  used on input l
ine 16.
(pdftex.def)             Requested size: 130.08731pt x 258.39638pt.

Underfull \hbox (badness 10000) in paragraph at lines 3--19

 []

<./Images/MockupLogo/mockLineUpSent.png, id=82, 329.73187pt x 654.94687pt>
File: ./Images/MockupLogo/mockLineUpSent.png Graphic file (type png)
<use ./Images/MockupLogo/mockLineUpSent.png>
Package pdftex.def Info: ./Images/MockupLogo/mockLineUpSent.png  used on input 
line 22.
(pdftex.def)             Requested size: 130.08731pt x 258.39638pt.
<./Images/MockupLogo/mockBookNew.png, id=83, 331.2375pt x 652.68843pt>
File: ./Images/MockupLogo/mockBookNew.png Graphic file (type png)
<use ./Images/MockupLogo/mockBookNew.png>
Package pdftex.def Info: ./Images/MockupLogo/mockBookNew.png  used on input lin
e 27.
(pdftex.def)             Requested size: 130.08731pt x 256.33015pt.
<./Images/MockupLogo/mockBookSent.png, id=84, 289.83281pt x 570.63188pt>
File: ./Images/MockupLogo/mockBookSent.png Graphic file (type png)
<use ./Images/MockupLogo/mockBookSent.png>
Package pdftex.def Info: ./Images/MockupLogo/mockBookSent.png  used on input li
ne 32.
(pdftex.def)             Requested size: 130.08731pt x 256.12022pt.
[15




]
<./Images/MockupLogo/mockLaptop.png, id=89, 1078.0275pt x 620.3175pt>
File: ./Images/MockupLogo/mockLaptop.png Graphic file (type png)
<use ./Images/MockupLogo/mockLaptop.png>
Package pdftex.def Info: ./Images/MockupLogo/mockLaptop.png  used on input line
 37.
(pdftex.def)             Requested size: 433.62pt x 249.51399pt.
) (Chapters/Chapter3/3.1.2HardwareInterface.tex [16 <./Images/MockupLogo/mockLo
gin.png> <./Images/MockupLogo/mockRegistration.png> <./Images/MockupLogo/mockLi
neUpNew.png> <./Images/MockupLogo/mockLineUpSent.png> <./Images/MockupLogo/mock
BookNew.png> <./Images/MockupLogo/mockBookSent.png>])
(Chapters/Chapter3/3.1.3SoftwareInterface.tex))
(Chapters/Chapter3/3.2FunctionalRequirements.tex [17 <./Images/MockupLogo/mockL
aptop.png>] (Chapters/Chapter3/3.2.1Customer.tex [18]
Overfull \hbox (1.43532pt too wide) in paragraph at lines 14--35
 [] 
 []


Overfull \hbox (1.43532pt too wide) in paragraph at lines 38--56
 [] 
 []

[19]
Overfull \hbox (1.43532pt too wide) in paragraph at lines 59--79
 [] 
 []

[20]
Overfull \hbox (1.43532pt too wide) in paragraph at lines 82--94
 [] 
 []


Overfull \hbox (1.43532pt too wide) in paragraph at lines 98--111
 [] 
 []

[21]
Overfull \hbox (1.43532pt too wide) in paragraph at lines 115--132
 [] 
 []


Overfull \hbox (1.43532pt too wide) in paragraph at lines 135--157
 [] 
 []

[22]
Overfull \hbox (1.43532pt too wide) in paragraph at lines 160--172
 [] 
 []

[23]) (Chapters/Chapter3/3.2.2StoreManager.tex
Underfull \hbox (badness 10000) in paragraph at lines 3--5

 []


Overfull \hbox (1.43532pt too wide) in paragraph at lines 7--23
 [] 
 []

[24]
Underfull \hbox (badness 10000) in paragraph at lines 24--25

 []

[25]
Overfull \hbox (1.43532pt too wide) in paragraph at lines 39--57
 [] 
 []

[26]
Overfull \hbox (1.43532pt too wide) in paragraph at lines 60--75
 [] 
 []


Overfull \hbox (1.43532pt too wide) in paragraph at lines 78--92
 [] 
 []

[27]) (Chapters/Chapter3/3.2.3Requirements.tex [28] [29])
(Chapters/Chapter3/3.2.4UMLDescription.tex
<./images//UseCaseDiagram.png, id=141, 650.43pt x 786.0567pt>
File: ./images//UseCaseDiagram.png Graphic file (type png)
<use ./images//UseCaseDiagram.png>
Package pdftex.def Info: ./images//UseCaseDiagram.png  used on input line 6.
(pdftex.def)             Requested size: 390.261pt x 471.63766pt.

Underfull \hbox (badness 10000) in paragraph at lines 3--8

 []

[30]
<./images//Registration Sequence Diagram.png, id=145, 695.59875pt x 670.30424pt
>
File: ./images//Registration Sequence Diagram.png Graphic file (type png)
<use ./images//Registration Sequence Diagram.png>
Package pdftex.def Info: ./images//Registration Sequence Diagram.png  used on i
nput line 15.
(pdftex.def)             Requested size: 433.62pt x 417.84473pt.
 [31 <./images//UseCaseDiagram.png>]
<./images//Login Sequence Diagram.png, id=150, 632.3625pt x 543.38007pt>
File: ./images//Login Sequence Diagram.png Graphic file (type png)
<use ./images//Login Sequence Diagram.png>
Package pdftex.def Info: ./images//Login Sequence Diagram.png  used on input li
ne 24.
(pdftex.def)             Requested size: 433.62pt x 372.61107pt.
 [32 <./images//Registration Sequence Diagram.png>]
<./images//LineUp Sequence Diagram.png, id=155, 629.65237pt x 652.23676pt>
File: ./images//LineUp Sequence Diagram.png Graphic file (type png)
<use ./images//LineUp Sequence Diagram.png>
Package pdftex.def Info: ./images//LineUp Sequence Diagram.png  used on input l
ine 33.
(pdftex.def)             Requested size: 433.62pt x 449.18794pt.
 [33 <./images//Login Sequence Diagram.png>]
<./images//Booking Sequence Diagram.png, id=161, 641.5167pt x 784.6113pt>
File: ./images//Booking Sequence Diagram.png Graphic file (type png)
<use ./images//Booking Sequence Diagram.png>
Package pdftex.def Info: ./images//Booking Sequence Diagram.png  used on input 
line 42.
(pdftex.def)             Requested size: 433.62pt x 530.34402pt.
 [34 <./images//LineUp Sequence Diagram.png>]
<./images//CancelBooking Sequence Diagram.png, id=166, 548.34862pt x 341.02406p
t>
File: ./images//CancelBooking Sequence Diagram.png Graphic file (type png)
<use ./images//CancelBooking Sequence Diagram.png>
Package pdftex.def Info: ./images//CancelBooking Sequence Diagram.png  used on 
input line 50.
(pdftex.def)             Requested size: 433.62pt x 269.67143pt.
 [35 <./images//Booking Sequence Diagram.png>]
<./images//QR-Entrance Sequence Diagram.png, id=171, 1104.82762pt x 1054.23863p
t>
File: ./images//QR-Entrance Sequence Diagram.png Graphic file (type png)
<use ./images//QR-Entrance Sequence Diagram.png>
Package pdftex.def Info: ./images//QR-Entrance Sequence Diagram.png  used on in
put line 58.
(pdftex.def)             Requested size: 433.62pt x 413.7574pt.
 [36 <./images//CancelBooking Sequence Diagram.png>]
<./images//TicketGeneration Sequence Diagram.png, id=176, 686.565pt x 432.26494
pt>
File: ./images//TicketGeneration Sequence Diagram.png Graphic file (type png)
<use ./images//TicketGeneration Sequence Diagram.png>
Package pdftex.def Info: ./images//TicketGeneration Sequence Diagram.png  used 
on input line 66.
(pdftex.def)             Requested size: 433.62pt x 273.00772pt.
) [37 <./images//QR-Entrance Sequence Diagram.png>]) (Chapters/Chapter3/3.3Perf
ormanceRequirements.tex)
(Chapters/Chapter3/3.4.DesignConstrains.tex
(Chapters/Chapter3/3.4.1StandardCompliance.tex [38 <./images//TicketGeneration 
Sequence Diagram.png>]) (Chapters/Chapter3/3.4.2HardwareLimitations.tex)
(Chapters/Chapter3/3.4.3AnyOtherConstraint.tex))
(Chapters/Chapter3/3.5SoftwareSystemAttributes.tex
(Chapters/Chapter3/3.5.0Semplicity.tex) (Chapters/Chapter3/3.5.1Reliability.tex
) (Chapters/Chapter3/3.5.2Availability.tex [39])
(Chapters/Chapter3/3.5.3Security.tex)
(Chapters/Chapter3/3.5.4Maintainability.tex))) [40]
\openout2 = `./Chapters/Chapter4/chapter4.aux'.


(Chapters/Chapter4/chapter4.tex
Chapter 4.

Underfull \hbox (badness 10000) in paragraph at lines 7--8

 []

(Chapters/Chapter4/4.1Signatures.tex

Package Listings Warning: Text dropped after begin of listing on input line 12.


LaTeX Font Info:    Trying to load font information for OMS+cmr on input line 1
6.
(C:\Users\39339\AppData\Local\Programs\MiKTeX\tex/latex/base\omscmr.fd
File: omscmr.fd 2019/12/16 v2.5j Standard LaTeX font definitions
)
LaTeX Font Info:    Font shape `OMS/cmr/m/n' in size <12> not available
(Font)              Font shape `OMS/cmsy/m/n' tried instead on input line 16.
LaTeX Font Info:    Trying to load font information for OML+cmr on input line 2
0.

(C:\Users\39339\AppData\Local\Programs\MiKTeX\tex/latex/base\omlcmr.fd
File: omlcmr.fd 2019/12/16 v2.5j Standard LaTeX font definitions
)
LaTeX Font Info:    Font shape `OML/cmr/m/n' in size <12> not available
(Font)              Font shape `OML/cmm/m/it' tried instead on input line 20.

[41




] [42]) (Chapters/Chapter4/4.2Facts.tex

Package Listings Warning: Text dropped after begin of listing on input line 5.

[43]) (Chapters/Chapter4/4.4Predicates.tex
Underfull \hbox (badness 10000) in paragraph at lines 2--3

 []


Package Listings Warning: Text dropped after begin of listing on input line 5.

[44] [45]) (Chapters/Chapter4/4.5GeneratedWorld.tex
<./images//world1Alloy.jpeg, id=209, 1210.5225pt x 466.74374pt>
File: ./images//world1Alloy.jpeg Graphic file (type jpg)
<use ./images//world1Alloy.jpeg>
Package pdftex.def Info: ./images//world1Alloy.jpeg  used on input line 4.
(pdftex.def)             Requested size: 581.0442pt x 224.03444pt.
<./images//world2Alloy.jpeg, id=210, 1176.395pt x 483.8075pt>
File: ./images//world2Alloy.jpeg Graphic file (type jpg)
<use ./images//world2Alloy.jpeg>
Package pdftex.def Info: ./images//world2Alloy.jpeg  used on input line 8.
(pdftex.def)             Requested size: 564.6632pt x 232.22496pt.
<./images//world3Alloy.jpeg, id=211, 1175.39125pt x 459.7175pt>
File: ./images//world3Alloy.jpeg Graphic file (type jpg)
<use ./images//world3Alloy.jpeg>
Package pdftex.def Info: ./images//world3Alloy.jpeg  used on input line 12.
(pdftex.def)             Requested size: 564.1814pt x 220.66188pt.
 [46 <./images//world1Alloy.jpeg>]) (Chapters/Chapter4/4.6ProofOfConsistency.te
x
<./Images/ScreenAlloy/ProofOfConsistency.png, id=215, 346.29375pt x 718.18312pt
>
File: ./Images/ScreenAlloy/ProofOfConsistency.png Graphic file (type png)
<use ./Images/ScreenAlloy/ProofOfConsistency.png>
Package pdftex.def Info: ./Images/ScreenAlloy/ProofOfConsistency.png  used on i
nput line 4.
(pdftex.def)             Requested size: 277.03537pt x 574.54727pt.
)) [47 <./images//world2Alloy.jpeg> <./images//world3Alloy.jpeg>] [48 <./Images
/ScreenAlloy/ProofOfConsistency.png>]
\openout2 = `./Chapters/Chapter5/chapter5.aux'.

 (Chapters/Chapter5/chapter5.tex
Chapter 5.
)
Underfull \hbox (badness 10000) in paragraph at lines 3--52

 []


Underfull \hbox (badness 10000) in paragraph at lines 3--52

 []


Underfull \hbox (badness 10000) in paragraph at lines 3--52

 []


Underfull \hbox (badness 10000) in paragraph at lines 3--52

 []


Underfull \hbox (badness 10000) in paragraph at lines 3--52

 []


Underfull \hbox (badness 10000) in paragraph at lines 3--52

 []


Underfull \hbox (badness 10000) in paragraph at lines 3--52

 []


Underfull \hbox (badness 10000) in paragraph at lines 3--52

 []


Underfull \hbox (badness 10000) in paragraph at lines 3--52

 []

[49




]
\openout2 = `./Chapters/Chapter6/chapter6.aux'.

 (Chapters/Chapter6/chapter6.tex
Chapter 6.
) [50




]
No file main.bbl.
(main.aux (FrontMatter/titlePage.aux) (Chapters/Chapter1/chapter1.aux)
(Chapters/Chapter2/chapter2.aux) (Chapters/Chapter3/chapter3.aux)
(Chapters/Chapter4/chapter4.aux) (Chapters/Chapter5/chapter5.aux)
(Chapters/Chapter6/chapter6.aux)) ) 
Here is how much of TeX's memory you used:
 5010 strings out of 479618
 78919 string characters out of 2865026
 581150 words of memory out of 3000000
 21911 multiletter control sequences out of 15000+200000
 411183 words of font info for 55 fonts, out of 3000000 for 9000
 1141 hyphenation exceptions out of 8191
 68i,9n,74p,896b,1541s stack positions out of 5000i,500n,10000p,200000b,50000s
 <C:\Users\39339\AppData\Local\MiKTeX\fonts/
pk/ljfour/jknappen/ec/dpi600\tcrm1200.pk><C:/Users/39339/AppData/Local/Programs
/MiKTeX/fonts/type1/public/amsfonts/cm/cmbx12.pfb><C:/Users/39339/AppData/Local
/Programs/MiKTeX/fonts/type1/public/amsfonts/cm/cmmi12.pfb><C:/Users/39339/AppD
ata/Local/Programs/MiKTeX/fonts/type1/public/amsfonts/cm/cmmi8.pfb><C:/Users/39
339/AppData/Local/Programs/MiKTeX/fonts/type1/public/amsfonts/cm/cmr10.pfb><C:/
Users/39339/AppData/Local/Programs/MiKTeX/fonts/type1/public/amsfonts/cm/cmr12.
pfb><C:/Users/39339/AppData/Local/Programs/MiKTeX/fonts/type1/public/amsfonts/c
m/cmr8.pfb><C:/Users/39339/AppData/Local/Programs/MiKTeX/fonts/type1/public/ams
fonts/cm/cmsy10.pfb><C:/Users/39339/AppData/Local/Programs/MiKTeX/fonts/type1/p
ublic/amsfonts/cm/cmti12.pfb>
Output written on main.pdf (54 pages, 1154165 bytes).
PDF statistics:
 262 PDF objects out of 1000 (max. 8388607)
 0 named destinations out of 1000 (max. 500000)
 126 words of extra memory for PDF output out of 10000 (max. 10000000)

